0,1,(0.072024636627775501, 0.0)
0,2,(-0.070772559867161355, 0.0)
0,3,(-0.0043308867137719486, 0.00044499199620291838)
0,4,(0.03601906973243138, 1.1902365302120591e-187)
0,5,(-0.019872736138258823, 1.9684390024629994e-58)
0,6,(-0.021601246904603931, 1.0424087822035328e-68)
0,7,(0.009506166015430903, 1.2725289625033477e-14)
0,8,(0.077888714026729935, 0.0)
0,9,(0.15067105542589518, 0.0)
0,10,(0.15052719666930062, 0.0)
0,11,(0.14748400968318781, 0.0)
0,12,(0.15780790595039212, 0.0)
0,13,(0.0064707924138226788, 1.5450906513634919e-07)
0,14,(0.0064592964836189181, 1.6251837905974859e-07)
0,15,(0.0067618772324906868, 4.178262067233476e-08)
0,16,(0.13264725602945363, 0.0)
0,17,(-0.013004374796742315, 5.3312256430070693e-26)
0,18,(-0.015022937653778665, 3.8521188499080947e-34)
0,19,(0.026433642018135476, 5.8709328074165308e-102)
0,20,(0.061086502402586916, 0.0)
0,21,(-0.61437574233294934, 0.0)
0,22,(-0.60250115099206036, 0.0)
0,23,(0.1595068722450087, 0.0)
0,24,(0.21588188667066027, 0.0)
0,25,(-0.1634226458399009, 0.0)
0,26,(-0.16915299545109164, 0.0)
0,27,(0.19100221370883705, 0.0)
0,28,(0.1975584673073375, 0.0)
0,29,(-0.018081329629289523, 1.1121099939110967e-48)
0,30,(-0.026398414995542074, 1.0844287219067523e-101)
0,31,(0.091037569112773442, 0.0)
0,32,(0.09736803465358837, 0.0)
0,33,(-0.076195458327793078, 0.0)
0,34,(-0.076610646913247829, 0.0)
0,35,(-0.036297605300112015, 1.557864295717789e-190)
0,36,(0.090237228297420646, 0.0)
0,37,(0.0097883452515086528, 2.0649268497687636e-15)
0,38,(0.0095905781702900848, 7.4261469451905588e-15)
0,39,(0.013167076339180933, 1.298478865566905e-26)
0,40,(0.017195258530515005, 3.4051137072883041e-44)
0,41,(-0.28570213485250245, 0.0)
0,42,(-0.30360154512019527, 0.0)
0,43,(0.10336979218893688, 0.0)
0,44,(0.18978479468239831, 0.0)
0,45,(0.23292185818677738, 0.0)
0,46,(0.23151367961641589, 0.0)
0,47,(0.24127739641401708, 0.0)
0,48,(0.2301653745675129, 0.0)
0,49,(0.20694838855869732, 0.0)
0,50,(0.20693824376056794, 0.0)
0,51,(0.20712671319549519, 0.0)
0,52,(0.16905783377949371, 0.0)
0,53,(-0.30924685788603135, 0.0)
0,54,(-0.31949080165513483, 0.0)
0,55,(0.09899790391086434, 0.0)
0,56,(0.20248785026432659, 0.0)
0,57,(0.049563875177193864, 0.0)
0,58,(0.048060673316419958, 0.0)
0,59,(0.052052755865260009, 0.0)
0,60,(0.20010237061944791, 0.0)
0,61,(0.040388572388202509, 1.9355955404618096e-235)
0,62,(0.040387115667467673, 2.0121408475664725e-235)
0,63,(0.040412201688477138, 1.0315941275075766e-235)
0,64,(0.20384335413876181, 0.0)
0,65,(0.061589792742542372, 0.0)
0,66,(0.055655321328134125, 0.0)
0,67,(0.066235288200894429, 0.0)
0,68,(0.19253165516092169, 0.0)
1,2,(-0.40659931235084074, 0.0)
1,3,(-0.0027924990575535825, 0.023550050458546769)
1,4,(0.03151500351344632, 4.1121459678160026e-144)
1,5,(-0.01563175409234905, 8.0039989661781221e-37)
1,6,(-0.01724152369610445, 2.0110697931441437e-44)
1,7,(0.010154121787417765, 1.8105447222702263e-16)
1,8,(0.070202483081888742, 0.0)
1,9,(0.13559288423775806, 0.0)
1,10,(0.13545798988899549, 0.0)
1,11,(0.132762487297233, 0.0)
1,12,(0.14128204479169543, 0.0)
1,13,(0.0037140473213346176, 0.0025981980969221699)
1,14,(0.0037042257499863142, 0.0026671816367064495)
1,15,(0.0039627645588450307, 0.0013119777878134531)
1,16,(0.11883460324636773, 0.0)
1,17,(-0.010506686013759432, 1.5966778689461404e-17)
1,18,(-0.012357009134667394, 1.2392742144513375e-23)
1,19,(0.025241269478644482, 3.9092153098812229e-93)
1,20,(0.055749049102801027, 0.0)
1,21,(-0.15411379766878661, 0.0)
1,22,(-0.15692295311610921, 0.0)
1,23,(0.17098910928281852, 0.0)
1,24,(0.17599118519971829, 0.0)
1,25,(-0.51189983237127523, 0.0)
1,26,(-0.51701316032174904, 0.0)
1,27,(0.38326175519264777, 0.0)
1,28,(0.38983414770425306, 0.0)
1,29,(-0.29481666302530946, 0.0)
1,30,(-0.3344694233346357, 0.0)
1,31,(0.39550765701971596, 0.0)
1,32,(0.53943659276741518, 0.0)
1,33,(-0.070656249999494686, 0.0)
1,34,(-0.071025341291264699, 0.0)
1,35,(-0.034590477721888273, 3.2641429113949557e-173)
1,36,(0.081991332869697356, 0.0)
1,37,(0.006211851499803283, 4.7257196726069058e-07)
1,38,(0.0060747155242917138, 8.3963284038521173e-07)
1,39,(0.00857625686054303, 3.5391610709952687e-12)
1,40,(0.011614662593753322, 4.5784973662297624e-21)
1,41,(-0.068489854190479107, 0.0)
1,42,(-0.077812549525786132, 0.0)
1,43,(0.074931681367692543, 0.0)
1,44,(0.15741735444063495, 0.0)
1,45,(0.14187385060857843, 0.0)
1,46,(0.14149473293779816, 0.0)
1,47,(0.14387701101363953, 0.0)
1,48,(0.15491932614697343, 0.0)
1,49,(0.031540149708864477, 2.4384005654982985e-144)
1,50,(0.031535290694823297, 2.6975868144595974e-144)
1,51,(0.031625683903808974, 4.1090404256455878e-145)
1,52,(0.1550468275665752, 0.0)
1,53,(-0.075730609375004754, 0.0)
1,54,(-0.083173009999695818, 0.0)
1,55,(0.084187615604618127, 0.0)
1,56,(0.16496100046204989, 0.0)
1,57,(0.043515105333977434, 5.4076401681249104e-273)
1,58,(0.042147600883594712, 3.188132139884111e-256)
1,59,(0.045822724662877325, 1.6456762115693535e-302)
1,60,(0.17781567349380606, 0.0)
1,61,(0.037117452081297825, 3.7792469242680664e-199)
1,62,(0.037116177270398926, 3.8989771498069013e-199)
1,63,(0.037138130478570473, 2.2783648216664068e-199)
1,64,(0.17898462861799513, 0.0)
1,65,(0.056920713719269322, 0.0)
1,66,(0.051679854288386069, 0.0)
1,67,(0.060844072889438813, 0.0)
1,68,(0.17136781998980885, 0.0)
2,3,(0.0032290491804628646, 0.0088347207565928308)
2,4,(-0.030910692609720496, 1.0328652432508706e-138)
2,5,(0.014183200974630005, 1.2967294948653014e-30)
2,6,(0.015740140369505572, 2.5985283574335705e-37)
2,7,(-0.010516566358024426, 1.4899042151948081e-17)
2,8,(-0.066292805602632232, 0.0)
2,9,(-0.13335867248006639, 0.0)
2,10,(-0.13322469308749696, 0.0)
2,11,(-0.13058399159559819, 0.0)
2,12,(-0.13818331901131353, 0.0)
2,13,(-0.0039778052053351673, 0.0012573389801356957)
2,14,(-0.0039682986865518114, 0.0012916238713526983)
2,15,(-0.0042185382085031661, 0.00062448339321471199)
2,16,(-0.11446360457004418, 0.0)
2,17,(0.010129812799011517, 2.1341815789197129e-16)
2,18,(0.011904069671922009, 4.767458875951782e-22)
2,19,(-0.0241642491253274, 1.633240186982364e-85)
2,20,(-0.054777308449478986, 0.0)
2,21,(0.15009103823293729, 0.0)
2,22,(0.15280062829603447, 0.0)
2,23,(-0.16593207300479457, 0.0)
2,24,(-0.17109768226712019, 0.0)
2,25,(0.39460618322652546, 0.0)
2,26,(0.40052748721112397, 0.0)
2,27,(-0.32860514454694262, 0.0)
2,28,(-0.32312325433706246, 0.0)
2,29,(0.79188256927616174, 0.0)
2,30,(0.83165131370655621, 0.0)
2,31,(-0.30502774469556837, 0.0)
2,32,(-0.63169080927942345, 0.0)
2,33,(0.068139237162981883, 0.0)
2,34,(0.06848325372301127, 0.0)
2,35,(0.034056420912441245, 5.7705969411342802e-168)
2,36,(-0.079680715541285294, 0.0)
2,37,(-0.0057925341057487381, 2.6388047497847813e-06)
2,38,(-0.0056454823124090104, 4.6976576038023668e-06)
2,39,(-0.0083603711578686228, 1.2068238628962084e-11)
2,40,(-0.011994291778408165, 2.3290127615490023e-22)
2,41,(0.066211189733898154, 0.0)
2,42,(0.075187297156330518, 0.0)
2,43,(-0.072075691217302743, 0.0)
2,44,(-0.1517465979153447, 0.0)
2,45,(-0.13971097095605745, 0.0)
2,46,(-0.13934192478273399, 0.0)
2,47,(-0.14165591797819418, 0.0)
2,48,(-0.14920820901527995, 0.0)
2,49,(-0.032208154801938775, 1.9572202406865027e-150)
2,50,(-0.03220353487219927, 2.1589087685537541e-150)
2,51,(-0.032289476316194388, 3.4743711838249555e-151)
2,52,(-0.14898518753442816, 0.0)
2,53,(0.073072450719659982, 0.0)
2,54,(0.080419891304465682, 0.0)
2,55,(-0.083252748231456355, 0.0)
2,56,(-0.15988054255459774, 0.0)
2,57,(-0.041513043038905954, 1.2684691934982464e-248)
2,58,(-0.040200237997876941, 2.8803257172635093e-233)
2,59,(-0.043735568924096128, 9.5302683651116558e-276)
2,60,(-0.17337750103454103, 0.0)
2,61,(-0.035480446726558847, 3.8714275277633902e-182)
2,62,(-0.035479197640325824, 3.9861870618636413e-182)
2,63,(-0.035500707932642206, 2.4100308870354182e-182)
2,64,(-0.17476720785723091, 0.0)
2,65,(-0.052545855718407829, 0.0)
2,66,(-0.047596271139697999, 0.0)
2,67,(-0.056336970968918494, 0.0)
2,68,(-0.16755241195849088, 0.0)
3,4,(0.029550395305275812, 6.1275716069267539e-127)
3,5,(0.0091805957700042268, 9.7285699246152742e-14)
3,6,(0.0086394422048429835, 2.4575702576653346e-12)
3,7,(0.011312258873521339, 4.5918249717832075e-20)
3,8,(0.007230798299701237, 4.5348317333031781e-09)
3,9,(-0.028567364266831964, 9.2494628558448119e-119)
3,10,(-0.028572276422340639, 8.4320627402360804e-119)
3,11,(-0.027739643320621329, 4.3514112798558119e-112)
3,12,(-0.013689004831616464, 1.2448375330091322e-28)
3,13,(-0.007784698408158844, 2.7444477917370119e-10)
3,14,(-0.0077854127907221711, 2.7341897983956799e-10)
3,15,(-0.0077664819130489554, 3.0190982536030777e-10)
3,16,(0.022760159447378168, 4.4808526740379263e-76)
3,17,(0.029012851062620415, 1.9673385871732324e-122)
3,18,(0.028461779697974646, 6.7322215140149066e-118)
3,19,(0.030496508465370931, 4.5162919546048308e-135)
3,20,(0.0047903837773849876, 0.00010255845492014989)
3,21,(0.0087982881381332943, 9.7131907212842778e-13)
3,22,(0.0089563540275095447, 3.7946338433997323e-13)
3,23,(-0.0097094730787346626, 3.4507076730368349e-15)
3,24,(-0.010061294656739059, 3.3856976271058552e-16)
3,25,(0.0055858521956426727, 5.9122895280564381e-06)
3,26,(0.0059141857536023877, 1.6206869539174606e-06)
3,27,(-0.0087475816523050077, 1.3086449705165799e-12)
3,28,(-0.0087669264401675634, 1.1682002969928113e-12)
3,29,(0.0013629440324785475, 0.269078483210555)
3,30,(0.0017045157638287726, 0.1669219552582987)
3,31,(-0.0036242260780126588, 0.0032945470544659869)
3,32,(-0.0041983741185274192, 0.00066309404770504155)
3,33,(-0.008261037057471856, 2.1008053535942062e-11)
3,34,(-0.0082519003646997699, 2.2099902693842541e-11)
3,35,(-0.0071053392668622211, 8.3288718238368788e-09)
3,36,(-0.0087086001450199686, 1.6438267319004344e-12)
3,37,(0.00070054425366551751, 0.56999508014691946)
3,38,(0.0038218093592156093, 0.0019414392048432056)
3,39,(-0.058426343999855725, 0.0)
3,40,(-0.25972075048456206, 0.0)
3,41,(0.0029411970419042756, 0.017080575277415778)
3,42,(0.003027664345350184, 0.014085170019922193)
3,43,(-8.9380423399387587e-05, 0.94222233270125766)
3,44,(0.010065806959288364, 3.2846589672016148e-16)
3,45,(-0.024987727130058722, 2.605793382290023e-91)
3,46,(-0.024981336536915245, 2.8951661071880797e-91)
3,47,(-0.024951173457995617, 4.7574538080855803e-91)
3,48,(-0.00090397876241043432, 0.46354611499071308)
3,49,(-0.011807882812457272, 1.0172674344919305e-21)
3,50,(-0.011807937555265243, 1.0168304843785196e-21)
3,51,(-0.011806897072210335, 1.0251673564951251e-21)
3,52,(0.007045178182441012, 1.1108095608746545e-08)
3,53,(0.020055393877808102, 1.7718887222478809e-59)
3,54,(0.018627493767792394, 1.4782710014103582e-51)
3,55,(0.018999987565526885, 1.443119625588913e-53)
3,56,(-0.0031864751788956425, 0.0097700964613443818)
3,57,(-0.0091073141386723046, 1.5232787964394092e-13)
3,58,(-0.0090897838328799652, 1.6948796394422166e-13)
3,59,(-0.0089011552983387816, 5.2785285859005382e-13)
3,60,(-0.013522902733693699, 5.5694624043644398e-28)
3,61,(-0.011730676208240054, 1.8609764958172251e-21)
3,62,(-0.011730994401303246, 1.8563646973484495e-21)
3,63,(-0.011725512928918018, 1.9374154594153179e-21)
3,64,(-0.0054567389285512169, 9.6529920358676037e-06)
3,65,(-0.0070091372564795498, 1.3184801982935608e-08)
3,66,(-0.0053208892406487332, 1.5986069396053627e-05)
3,67,(-0.0090753347168907005, 1.8504831160884604e-13)
3,68,(-0.016123090740393888, 4.5893389433805286e-39)
4,5,(0.0074386103933248415, 1.6202481915178122e-09)
4,6,(0.0064340157406169917, 1.8156862479366144e-07)
4,7,(0.018893225040816409, 5.489935175319517e-53)
4,8,(0.046809212267315083, 1.354273287579548e-315)
4,9,(0.11293234971078676, 0.0)
4,10,(0.11279363896804719, 0.0)
4,11,(0.11075797118729788, 0.0)
4,12,(0.10271535429228075, 0.0)
4,13,(0.02529604146799375, 1.5692013248517307e-93)
4,14,(0.025289885733035571, 1.7388949968303312e-93)
4,15,(0.025451567988683216, 1.1624955151404395e-94)
4,16,(0.020983489484975974, 6.1432820292858888e-65)
4,17,(0.032176638577189283, 3.8202355621615953e-150)
4,18,(0.029555567570450275, 5.540190802049898e-127)
4,19,(0.069399623083587159, 0.0)
4,20,(0.030864542938471278, 2.6432244586560933e-138)
4,21,(-0.076276998991916034, 0.0)
4,22,(-0.077668612823536709, 0.0)
4,23,(0.084657588158453409, 0.0)
4,24,(0.087116257346263756, 0.0)
4,25,(-0.07158171635397502, 0.0)
4,26,(-0.074063918401903461, 0.0)
4,27,(0.083196609871747776, 0.0)
4,28,(0.08602198029296966, 0.0)
4,29,(-0.008489161037693975, 5.8263874155931352e-12)
4,30,(-0.012113913674748733, 8.9356627128149606e-23)
4,31,(0.039563539558740007, 5.3592769180134323e-226)
4,32,(0.042682453420105661, 1.0190673528443412e-262)
4,33,(0.019529868594349995, 1.7034220039938881e-56)
4,34,(0.012940270137918836, 9.2564653346119698e-26)
4,35,(0.40128673471190301, 0.0)
4,36,(0.40344247930978616, 0.0)
4,37,(0.052368502898741155, 0.0)
4,38,(0.052593794323190599, 0.0)
4,39,(0.046144727092982903, 9.4639657938874256e-307)
4,40,(0.015659364693441837, 6.0139771402167825e-37)
4,41,(-0.036075632064238604, 3.1042583457537984e-188)
4,42,(-0.041851682805433083, 1.1533264734034609e-252)
4,43,(0.048095248546012867, 0.0)
4,44,(0.088452269766432653, 0.0)
4,45,(0.10982577171160705, 0.0)
4,46,(0.10967797276552893, 0.0)
4,47,(0.11043704763216763, 0.0)
4,48,(0.06726568444341019, 0.0)
4,49,(0.047706870002519892, 0.0)
4,50,(0.047704125557483296, 0.0)
4,51,(0.047755126724015405, 0.0)
4,52,(0.041137143979677347, 3.5542247385128627e-244)
4,53,(-0.045408371741886118, 4.2552042670207643e-297)
4,54,(-0.049482275142542997, 0.0)
4,55,(0.045757964054608982, 1.1629057895576967e-301)
4,56,(0.099675977473484112, 0.0)
4,57,(0.034190968010985902, 2.7983440507279026e-169)
4,58,(0.033221005388847986, 6.3975054174135191e-160)
4,59,(0.035736039305141798, 9.6052177534202634e-185)
4,60,(0.13806738995332693, 0.0)
4,61,(0.048881918758161391, 0.0)
4,62,(0.048882448887462342, 0.0)
4,63,(0.048873313695025705, 0.0)
4,64,(0.063339753811735691, 0.0)
4,65,(0.041906066630886162, 2.5696288494390828e-253)
4,66,(0.038406064648324995, 4.4387208870723061e-213)
4,67,(0.044250454540566052, 3.112607365676542e-282)
4,68,(0.14151191100201271, 0.0)
5,6,(0.99868554727169989, 0.0)
5,7,(0.89717260836065515, 0.0)
5,8,(-0.21995636239109678, 0.0)
5,9,(-0.070795357352584423, 0.0)
5,10,(-0.070707154630457555, 0.0)
5,11,(-0.069440935869084897, 0.0)
5,12,(-0.062460177964970082, 0.0)
5,13,(-0.067579105327593383, 0.0)
5,14,(-0.067562890103803869, 0.0)
5,15,(-0.067988773142059727, 0.0)
5,16,(0.0027950181471787239, 0.023424815991058077)
5,17,(0.21706047057801103, 0.0)
5,18,(0.21389921453200855, 0.0)
5,19,(0.21113912608887342, 0.0)
5,20,(-0.031912440123791248, 1.0133137604807167e-147)
5,21,(0.041256443921288632, 1.3919774141999732e-245)
5,22,(0.041985784461497172, 2.8345979756360801e-254)
5,23,(-0.045260886130791232, 3.4961274878986009e-295)
5,24,(-0.046593033652242363, 1.0543484137895814e-312)
5,25,(0.038740598223808938, 8.9763363436959793e-217)
5,26,(0.04007211895320148, 8.5430367412913089e-232)
5,27,(-0.044827882098325063, 1.3452055926025196e-289)
5,28,(-0.04639704431158731, 4.2918006507604146e-310)
5,29,(0.0011301552243065975, 0.35944521353309133)
5,30,(0.0031031722511199898, 0.011859003061684158)
5,31,(-0.02217977253359826, 2.4461417356210635e-72)
5,32,(-0.022280455544074786, 5.5855758427495609e-73)
5,33,(0.011620512809821834, 4.3762085841383979e-21)
5,34,(0.011628950902866406, 4.0999145610190334e-21)
5,35,(0.0087485004720980145, 1.3016145569108104e-12)
5,36,(-0.011386797431609719, 2.6156938558798665e-20)
5,37,(-0.011145798862099283, 1.5926172547274721e-19)
5,38,(-0.010795825599080051, 2.0520131484657799e-18)
5,39,(-0.017355780175421037, 5.4451565941235743e-45)
5,40,(-0.027032053846535765, 1.5401280548447458e-106)
5,41,(0.2799394614145625, 0.0)
5,42,(0.28943431431528466, 0.0)
5,43,(-0.021115348658402956, 9.8345325692396067e-66)
5,44,(-0.1211481389951216, 0.0)
5,45,(-0.066402303671968935, 0.0)
5,46,(-0.066318726306773046, 0.0)
5,47,(-0.06673459254666228, 0.0)
5,48,(-0.037142141072193602, 2.0652953627718143e-199)
5,49,(-0.072869233002041192, 0.0)
5,50,(-0.07286256323992775, 0.0)
5,51,(-0.072986588440221295, 0.0)
5,52,(-0.020324794444226472, 4.8844655133196952e-61)
5,53,(0.15217344436635077, 0.0)
5,54,(0.1439766547250001, 0.0)
5,55,(0.11211889319335257, 0.0)
5,56,(-0.041728721734834141, 3.4132885269711252e-251)
5,57,(-0.017290088611898534, 1.1553121242539448e-44)
5,58,(-0.0053192317695791693, 1.6083605941122292e-05)
5,59,(-0.047517197019322978, 0.0)
5,60,(-0.099285840383324081, 0.0)
5,61,(-0.04251856534811873, 1.0167304163749036e-260)
5,62,(-0.0425186697902772, 1.0137581306387285e-260)
5,63,(-0.042516866992091305, 1.0663037793226497e-260)
5,64,(-0.028087389835826315, 7.2307134502845545e-115)
5,65,(-0.033390963851535546, 1.5330115167115914e-161)
5,66,(-0.020684278782310925, 3.7625262692732523e-63)
5,67,(-0.050313966917945978, 0.0)
5,68,(-0.079291286503904976, 0.0)
6,7,(0.88165795731005692, 0.0)
6,8,(-0.23693319213722122, 0.0)
6,9,(-0.07710899330602955, 0.0)
6,10,(-0.077011400252330137, 0.0)
6,11,(-0.075644364321710844, 0.0)
6,12,(-0.068041231542596642, 0.0)
6,13,(-0.065453642238924387, 0.0)
6,14,(-0.065436962553023337, 0.0)
6,15,(-0.065875107824085552, 0.0)
6,16,(-0.0065357293282838789, 1.1595411931308203e-07)
6,17,(0.21795773141518626, 0.0)
6,18,(0.21503337863303287, 0.0)
6,19,(0.20758715203784719, 0.0)
6,20,(-0.048982312138304389, 0.0)
6,21,(0.045139660679714998, 1.2961846833189019e-293)
6,22,(0.045941447750103219, 4.5332668916936275e-304)
6,23,(-0.049606967947925483, 0.0)
6,24,(-0.051059051060355611, 0.0)
6,25,(0.042404739412494272, 2.4606409878858335e-259)
6,26,(0.043864282469387839, 2.3165497447249699e-277)
6,27,(-0.049102697606472616, 0.0)
6,28,(-0.050818368448830337, 0.0)
6,29,(0.0015200437073459399, 0.21773374064764128)
6,30,(0.0036795989695541397, 0.0028475755239881968)
6,31,(-0.024224481395996166, 6.2457838906052053e-86)
6,32,(-0.02446381157253728, 1.338405370533723e-87)
6,33,(0.014712335370516421, 8.1968147491333272e-33)
6,34,(0.014734364888093127, 6.6124531840185109e-33)
6,35,(0.01041196665722482, 3.0901880772582583e-17)
6,36,(-0.014834890514504576, 2.4714122916825823e-33)
6,37,(-0.011360231803374149, 3.1979437129964077e-20)
6,38,(-0.011011072381259949, 4.3007022001760359e-19)
6,39,(-0.017546786094732304, 6.0138292884143558e-46)
6,40,(-0.027093748953546763, 5.1219316368150612e-107)
6,41,(0.28156383152742664, 0.0)
6,42,(0.29106407463053513, 0.0)
6,43,(-0.020742470329733084, 1.6979323321736141e-63)
6,44,(-0.14071904824362905, 0.0)
6,45,(-0.072271195876914995, 0.0)
6,46,(-0.072181178257841871, 0.0)
6,47,(-0.072626749504006285, 0.0)
6,48,(-0.040794530593288018, 3.7075991787201293e-240)
6,49,(-0.070802999247188483, 0.0)
6,50,(-0.070796167451812719, 0.0)
6,51,(-0.070923212652381273, 0.0)
6,52,(-0.028606447355112318, 4.4280864708863832e-119)
6,53,(0.15421577624207092, 0.0)
6,54,(0.14627849726991338, 0.0)
6,55,(0.10913407013906842, 0.0)
6,56,(-0.051589751754329026, 0.0)
6,57,(-0.018536239944612572, 4.531614945131531e-51)
6,58,(-0.0065253206476559101, 1.2143606855172625e-07)
6,59,(-0.048831742941035455, 0.0)
6,60,(-0.1066413843970872, 0.0)
6,61,(-0.044639753204966812, 3.4565195601002819e-287)
6,62,(-0.04463985588067839, 3.4460895438557632e-287)
6,63,(-0.044638083310094473, 3.6306481566481267e-287)
6,64,(-0.031701272689064398, 8.4831372368238213e-146)
6,65,(-0.035303234245558646, 2.4170960292606649e-180)
6,66,(-0.022361445475053414, 1.6943919112905717e-73)
6,67,(-0.052447657416876042, 0.0)
6,68,(-0.086525327108957703, 0.0)
7,8,(0.12020190987431929, 0.0)
7,9,(0.027650599744632725, 2.2119602057117785e-111)
7,10,(0.02761429162027473, 4.2861125763720278e-111)
7,11,(0.027134505800813342, 2.4716170640008031e-107)
7,12,(0.030093409713715307, 1.4157426148894725e-131)
7,13,(-0.075894088724328276, 0.0)
7,14,(-0.075896446207564028, 0.0)
7,15,(-0.075833189802467366, 0.0)
7,16,(0.10155249921934148, 0.0)
7,17,(0.15555293991584074, 0.0)
7,18,(0.14758594078880002, 0.0)
7,19,(0.25223289325152887, 0.0)
7,20,(0.16147141859482292, 0.0)
7,21,(-0.021546372871225124, 2.2769468290793252e-68)
7,22,(-0.021962567283167467, 5.7859098667130981e-71)
7,23,(0.024436379272813776, 2.0831456519708208e-87)
7,24,(0.025165170045177748, 1.3849561024003019e-92)
7,25,(-0.020228262013226271, 1.778449300376319e-60)
7,26,(-0.020937936490290465, 1.1537683264316871e-64)
7,27,(0.023648370036427984, 5.5738055794506081e-82)
7,28,(0.024477310635350014, 1.0763742489634264e-87)
7,29,(-0.0048222207517652537, 9.2191334512373773e-05)
7,30,(-0.0058475710636138895, 2.1190066843479396e-06)
7,31,(0.010744446022742538, 2.9664638108813622e-18)
7,32,(0.012746565329332072, 4.8242114148488763e-25)
7,33,(-0.02660714833417532, 2.8245789177839547e-103)
7,34,(-0.026785209360026603, 1.2293337714775925e-104)
7,35,(-0.010738550964276339, 3.0942531982696013e-18)
7,36,(0.03225413071732245, 7.3692046308673059e-151)
7,37,(-0.0053549693734272199, 1.4101229247957459e-05)
7,38,(-0.0050772295415804245, 3.8373584960069844e-05)
7,39,(-0.010413724613678028, 3.0527107175764939e-17)
7,40,(-0.01954247068963923, 1.4478151730176179e-56)
7,41,(0.29481742151616919, 0.0)
7,42,(0.29441377121475204, 0.0)
7,43,(0.08144996316887404, 0.0)
7,44,(0.083441053036821672, 0.0)
7,45,(0.026533186539433772, 1.0321271541518005e-102)
7,46,(0.026497914763250138, 1.9123529156057917e-102)
7,47,(0.026678058675176117, 8.1269225714603131e-104)
7,48,(0.031222082083148035, 1.7562427152714549e-141)
7,49,(-0.075667271378309461, 0.0)
7,50,(-0.075667634468198658, 0.0)
7,51,(-0.075660738121814924, 0.0)
7,52,(0.078211653960581579, 0.0)
7,53,(0.084878690150641298, 0.0)
7,54,(0.071901088811577987, 0.0)
7,55,(0.16466348701522754, 0.0)
7,56,(0.084853424227302021, 0.0)
7,57,(0.0057766378257185511, 2.8104135889168653e-06)
7,58,(0.016571847940606062, 3.5851426086842611e-41)
7,59,(-0.022071107284710269, 1.1953747786253059e-71)
7,60,(0.0033593864391919166, 0.0064482166949758153)
7,61,(-0.0098502814417738647, 1.3758103971804771e-15)
7,62,(-0.0098508506443884866, 1.3706700801635086e-15)
7,63,(-0.0098410460942247036, 1.4619152021415562e-15)
7,64,(0.035893748727414063, 2.3204736149248295e-186)
7,65,(-0.0068580163851063407, 2.6806887237276759e-08)
7,66,(-8.4281418590227247e-05, 0.94551316862907464)
7,67,(-0.016654514923098024, 1.4457090594136223e-41)
7,68,(0.017805700827920035, 2.9209811733925387e-47)
8,9,(0.25946563454228194, 0.0)
8,10,(0.25917607687979516, 0.0)
8,11,(0.25426767332255984, 0.0)
8,12,(0.24590496326756703, 0.0)
8,13,(0.021053302126363554, 2.3321887893768912e-65)
8,14,(0.020999762268529336, 4.9031755362690565e-65)
8,15,(0.022409109795328251, 8.3801851804127692e-74)
8,16,(0.27908021958132029, 0.0)
8,17,(-0.051703936169687492, 0.0)
8,18,(-0.072718093053076041, 0.0)
8,19,(0.33500918060181745, 0.0)
8,20,(0.55505987147940405, 0.0)
8,21,(-0.16677797561416957, 0.0)
8,22,(-0.1698323370263066, 0.0)
8,23,(0.18536509787987684, 0.0)
8,24,(0.1908906854774674, 0.0)
8,25,(-0.1579131947672672, 0.0)
8,26,(-0.16339921073803473, 0.0)
8,27,(0.18370618245119949, 0.0)
8,28,(0.19004916935456928, 0.0)
8,29,(-0.015499095340272693, 3.138770472250953e-36)
8,30,(-0.02363103998213692, 7.3033488181644838e-82)
8,31,(0.089413591399049031, 0.0)
8,32,(0.094864761812890719, 0.0)
8,33,(-0.10723922611854991, 0.0)
8,34,(-0.10780841605124951, 0.0)
8,35,(-0.051973303513322723, 0.0)
8,36,(0.13074968805587284, 0.0)
8,37,(0.022489650777663187, 2.5416854025936669e-74)
8,38,(0.022336203709709672, 2.4585217742853054e-73)
8,39,(0.024554321685247512, 3.0984497956910753e-88)
8,40,(0.02135361752466829, 3.4870427538221572e-67)
8,41,(-0.047341211549701209, 8.8931816251424378e-323)
8,42,(-0.084869487439224831, 0.0)
8,43,(0.3616097159125452, 0.0)
8,44,(0.48268053969749591, 0.0)
8,45,(0.24812685740219059, 0.0)
8,46,(0.24781043975617423, 0.0)
8,47,(0.2493950460759822, 0.0)
8,48,(0.18386804066111931, 0.0)
8,49,(0.030105346659541302, 1.1171688908075889e-131)
8,50,(0.030085055862190353, 1.670892774664784e-131)
8,51,(0.030462714158165857, 8.905835041582194e-135)
8,52,(0.26049136328107175, 0.0)
8,53,(-0.13314242136178711, 0.0)
8,54,(-0.15558348314938741, 0.0)
8,55,(0.2616902533199732, 0.0)
8,56,(0.3652394990540771, 0.0)
8,57,(0.050523577283446981, 0.0)
8,58,(0.045049694097528618, 1.8811366977262224e-292)
8,59,(0.063170332585640157, 0.0)
8,60,(0.26241129168031541, 0.0)
8,61,(0.089737701399892358, 0.0)
8,62,(0.089736683922520988, 0.0)
8,63,(0.089754200077782634, 0.0)
8,64,(0.17297427947866242, 0.0)
8,65,(0.064393311899548653, 0.0)
8,66,(0.053399529489515846, 0.0)
8,67,(0.076520076675537424, 0.0)
8,68,(0.25240445963612612, 0.0)
9,10,(0.99950139859522535, 0.0)
9,11,(0.97568073457192761, 0.0)
9,12,(0.83391049562171782, 0.0)
9,13,(0.093312870543004828, 0.0)
9,14,(0.093285896389231251, 0.0)
9,15,(0.093994654550519141, 0.0)
9,16,(0.15615466427692382, 0.0)
9,17,(-0.046523749064538274, 8.846865204080828e-312)
9,18,(-0.053340478971533045, 0.0)
9,19,(0.087402672038179724, 0.0)
9,20,(0.2141133664769771, 0.0)
9,21,(-0.32277246486039202, 0.0)
9,22,(-0.32864630921076804, 0.0)
9,23,(0.35789877451147162, 0.0)
9,24,(0.36863410956726356, 0.0)
9,25,(-0.30667400388676069, 0.0)
9,26,(-0.317304872976371, 0.0)
9,27,(0.35637638161802371, 0.0)
9,28,(0.36880399581042322, 0.0)
9,29,(-0.035495578575337423, 2.7173566363235502e-182)
9,30,(-0.050981081615616888, 0.0)
9,31,(0.16916401495722952, 0.0)
9,32,(0.18174611466737356, 0.0)
9,33,(-0.25107044252670746, 0.0)
9,34,(-0.25246887335437257, 0.0)
9,35,(-0.11782700788654371, 0.0)
9,36,(0.29608857975622194, 0.0)
9,37,(0.024927112804479089, 7.0672435085584807e-91)
9,38,(0.024086132253734748, 5.661447544960627e-85)
9,39,(0.039918999262832953, 4.8404310768450164e-230)
9,40,(0.065132763644688424, 0.0)
9,41,(-0.13629148799723975, 0.0)
9,42,(-0.16000607491346827, 0.0)
9,43,(0.20056857514275325, 0.0)
9,44,(0.37784701434140638, 0.0)
9,45,(0.81374078768710456, 0.0)
9,46,(0.81463130419324059, 0.0)
9,47,(0.80546606861179304, 0.0)
9,48,(0.37118936582807288, 0.0)
9,49,(0.16187075910106663, 0.0)
9,50,(0.16185989166379558, 0.0)
9,51,(0.16206189489162695, 0.0)
9,52,(0.25244736772886267, 0.0)
9,53,(-0.1662681465827141, 0.0)
9,54,(-0.18571678035307473, 0.0)
9,55,(0.22260543581572453, 0.0)
9,56,(0.37912137106521154, 0.0)
9,57,(0.20327051477125013, 0.0)
9,58,(0.19882122997530427, 0.0)
9,59,(0.20907750093033725, 0.0)
9,60,(0.60346132373100869, 0.0)
9,61,(0.29970810866161124, 0.0)
9,62,(0.29971044967634003, 0.0)
9,63,(0.29967010151528323, 0.0)
9,64,(0.27536893818050978, 0.0)
9,65,(0.24657464952583655, 0.0)
9,66,(0.22582241930530125, 0.0)
9,67,(0.26060924416747194, 0.0)
9,68,(0.61468241643982069, 0.0)
10,11,(0.96827322110384073, 0.0)
10,12,(0.82773546019914157, 0.0)
10,13,(0.093256462434815612, 0.0)
10,14,(0.09322949909838836, 0.0)
10,15,(0.09393797332547095, 0.0)
10,16,(0.15597953793859973, 0.0)
10,17,(-0.046435232120127255, 1.3335923777879731e-310)
10,18,(-0.053244638753137161, 0.0)
10,19,(0.087336324869906362, 0.0)
10,20,(0.21383074454227849, 0.0)
10,21,(-0.32243893421153358, 0.0)
10,22,(-0.32830777577494102, 0.0)
10,23,(0.3575530889651069, 0.0)
10,24,(0.36828018980331589, 0.0)
10,25,(-0.30639924497202381, 0.0)
10,26,(-0.31701902541161925, 0.0)
10,27,(0.35603089128377735, 0.0)
10,28,(0.36845113143635355, 0.0)
10,29,(-0.035453768128913619, 7.2233624081323924e-182)
10,30,(-0.050923924528084981, 0.0)
10,31,(0.16899759285811641, 0.0)
10,32,(0.18156352742250956, 0.0)
10,33,(-0.25084357918980205, 0.0)
10,34,(-0.25224029026994843, 0.0)
10,35,(-0.11774724398817719, 0.0)
10,36,(0.2957951454323326, 0.0)
10,37,(0.024908800970279421, 9.5487944616060104e-91)
10,38,(0.024067624490830213, 7.5959534254171393e-85)
10,39,(0.039905081939535562, 6.9808587709382013e-230)
10,40,(0.065132594161121674, 0.0)
10,41,(-0.13610944953393422, 0.0)
10,42,(-0.1598037894657747, 0.0)
10,43,(0.20041458237458654, 0.0)
10,44,(0.37744998650936362, 0.0)
10,45,(0.80501598756154313, 0.0)
10,46,(0.80609114837849738, 0.0)
10,47,(0.79557777336945601, 0.0)
10,48,(0.37300364529732633, 0.0)
10,49,(0.16172611838190809, 0.0)
10,50,(0.16171525722072028, 0.0)
10,51,(0.16191714388203382, 0.0)
10,52,(0.252204326659764, 0.0)
10,53,(-0.16603372594432117, 0.0)
10,54,(-0.18546611726469253, 0.0)
10,55,(0.22242739638317877, 0.0)
10,56,(0.37871847644107554, 0.0)
10,57,(0.20580355870940156, 0.0)
10,58,(0.20300901142381672, 0.0)
10,59,(0.20729648974552489, 0.0)
10,60,(0.59635029483777358, 0.0)
10,61,(0.29851671275109021, 0.0)
10,62,(0.29851912093473781, 0.0)
10,63,(0.29847761600319583, 0.0)
10,64,(0.27161408626499711, 0.0)
10,65,(0.25055627049485374, 0.0)
10,66,(0.23374494485049774, 0.0)
10,67,(0.25832666038956881, 0.0)
10,68,(0.60770574686221068, 0.0)
11,12,(0.85361214296696464, 0.0)
11,13,(0.091112173968880592, 0.0)
11,14,(0.09108587407856765, 0.0)
11,15,(0.091776913602399285, 0.0)
11,16,(0.15303234557877399, 0.0)
11,17,(-0.045845789956062387, 8.1959704403637219e-303)
11,18,(-0.052523986196344616, 0.0)
11,19,(0.085435163368958816, 0.0)
11,20,(0.21012717153028318, 0.0)
11,21,(-0.31612106740316603, 0.0)
11,22,(-0.32186646281430537, 0.0)
11,23,(0.35035592695094653, 0.0)
11,24,(0.36085019088926701, 0.0)
11,25,(-0.30006182801134473, 0.0)
11,26,(-0.31047434410547947, 0.0)
11,27,(0.34887447191928223, 0.0)
11,28,(0.36100803087388222, 0.0)
11,29,(-0.034799744164339418, 2.7247752139268462e-175)
11,30,(-0.04996158908581478, 0.0)
11,31,(0.16561986166361911, 0.0)
11,32,(0.17796464388684721, 0.0)
11,33,(-0.24567046974725756, 0.0)
11,34,(-0.24704199006198022, 0.0)
11,35,(-0.11510743286100023, 0.0)
11,36,(0.28990012190583087, 0.0)
11,37,(0.024361745566384527, 6.9239951208481044e-87)
11,38,(0.023545488172373282, 2.7648924889693142e-81)
11,39,(0.038906640221163732, 1.2812559394705997e-218)
11,40,(0.063324509902856957, 0.0)
11,41,(-0.13376896642206509, 0.0)
11,42,(-0.15696530501918823, 0.0)
11,43,(0.19606569616303557, 0.0)
11,44,(0.37010641926660531, 0.0)
11,45,(0.85170369355125364, 0.0)
11,46,(0.85128763649595274, 0.0)
11,47,(0.85173604654526669, 0.0)
11,48,(0.34828242648769719, 0.0)
11,49,(0.15837800686842066, 0.0)
11,50,(0.15836739776587666, 0.0)
11,51,(0.15856459843930154, 0.0)
11,52,(0.24712145183963413, 0.0)
11,53,(-0.16327650063157736, 0.0)
11,54,(-0.18229759681495095, 0.0)
11,55,(0.21765729490831989, 0.0)
11,56,(0.37138610187514354, 0.0)
11,57,(0.18003867593154521, 0.0)
11,58,(0.16422550595824426, 0.0)
11,59,(0.21563329667655848, 0.0)
11,60,(0.63606283537071129, 0.0)
11,61,(0.29965291084357587, 0.0)
11,62,(0.29965472052453052, 0.0)
11,63,(0.29962352377290108, 0.0)
11,64,(0.29378587676161633, 0.0)
11,65,(0.21208350820634977, 0.0)
11,66,(0.16454931101330025, 0.0)
11,67,(0.26921546303247867, 0.0)
11,68,(0.64603945202075319, 0.0)
12,13,(0.057196843407843444, 0.0)
12,14,(0.057165458372035599, 0.0)
12,15,(0.057990916700156027, 0.0)
12,16,(0.22446121319056533, 0.0)
12,17,(-0.031272364301300516, 6.2341991324884925e-142)
12,18,(-0.037565389177177957, 6.1526103359551737e-204)
12,19,(0.089036082192268551, 0.0)
12,20,(0.19793610248686383, 0.0)
12,21,(-0.33781304610911206, 0.0)
12,22,(-0.34396278465311214, 0.0)
12,23,(0.37462560374762516, 0.0)
12,24,(0.38582422801466154, 0.0)
12,25,(-0.32052396881081141, 0.0)
12,26,(-0.33166196811608917, 0.0)
12,27,(0.37292363458400807, 0.0)
12,28,(0.38591091624887741, 0.0)
12,29,(-0.035751959636301144, 6.6009386715508263e-185)
12,30,(-0.051967142123081032, 0.0)
12,31,(0.17739658458023408, 0.0)
12,32,(0.1900035724611521, 0.0)
12,33,(-0.22544490771995379, 0.0)
12,34,(-0.22667663668410068, 0.0)
12,35,(-0.10720422818344752, 0.0)
12,36,(0.26095434534360784, 0.0)
12,37,(0.021201062814849674, 2.9709244742720746e-66)
12,38,(0.020565413753844956, 1.8981827902742253e-62)
12,39,(0.03244433450606965, 1.2764042000937984e-152)
12,40,(0.050275713562444972, 0.0)
12,41,(-0.14821601973732448, 0.0)
12,42,(-0.17141077561729282, 0.0)
12,43,(0.19225574567526865, 0.0)
12,44,(0.37894768691378916, 0.0)
12,45,(0.7528112894508131, 0.0)
12,46,(0.75250850820246384, 0.0)
12,47,(0.75242095815137577, 0.0)
12,48,(0.54969099173669311, 0.0)
12,49,(0.11887924259841452, 0.0)
12,50,(0.11886523351434743, 0.0)
12,51,(0.11912579654771681, 0.0)
12,52,(0.30609831137674309, 0.0)
12,53,(-0.1758162606831925, 0.0)
12,54,(-0.19515092668258277, 0.0)
12,55,(0.22043456362656844, 0.0)
12,56,(0.38655042417719915, 0.0)
12,57,(0.15390460396888611, 0.0)
12,58,(0.14044725991200879, 0.0)
12,59,(0.18417741662448586, 0.0)
12,60,(0.61763924887159594, 0.0)
12,61,(0.23764175516417926, 0.0)
12,62,(0.23763923028393305, 0.0)
12,63,(0.23768269541084286, 0.0)
12,64,(0.37071207534416128, 0.0)
12,65,(0.18169465935504187, 0.0)
12,66,(0.14154068487512575, 0.0)
12,67,(0.22977633919239854, 0.0)
12,68,(0.62005640390559369, 0.0)
13,14,(0.99999997658576267, 0.0)
13,15,(0.99998497772857209, 0.0)
13,16,(-0.21643845949695456, 0.0)
13,17,(-0.025315802459375633, 1.1283628336732439e-93)
13,18,(-0.026885969895872507, 2.0669968897169998e-105)
13,19,(0.0096948355804260863, 3.7940379959992982e-15)
13,20,(0.014762484757185326, 5.0244761731622851e-33)
13,21,(-0.010496860599773339, 1.7103376138305445e-17)
13,22,(-0.010621675090993828, 7.1069257093108978e-18)
13,23,(0.010140923896633383, 1.9797327571535693e-16)
13,24,(0.010464673046567691, 2.1415384636212668e-17)
13,25,(-0.0082307033523410164, 2.4851386635403678e-11)
13,26,(-0.0085172057166899157, 4.9649994077139564e-12)
13,27,(0.0095844905413108618, 7.7214574621116642e-15)
13,28,(0.0099050271461070521, 9.5892843398828793e-16)
13,29,(-0.00077444169750960233, 0.53001647178353661)
13,30,(-0.0011466107942599097, 0.3524921109045821)
13,31,(0.0040801067425328833, 0.0009379765766257287)
13,32,(0.0041747815067065793, 0.00071108370238710588)
13,33,(-0.032628032345363663, 2.4830303920908492e-154)
13,34,(-0.032843952953145142, 2.3523568403986249e-156)
13,35,(-0.013311016666269928, 3.6687709773231301e-27)
13,36,(0.043401089339742079, 1.4182647047957688e-271)
13,37,(0.02074653205215056, 1.6060705071720173e-63)
13,38,(0.020535878070826661, 2.8337431300678845e-62)
13,39,(0.023959577933961369, 4.2059897345073211e-84)
13,40,(0.02424805165844432, 4.2849159498353717e-86)
13,41,(-0.022568275158020488, 7.8983344295470062e-75)
13,42,(-0.027760884760775924, 2.9501450702995614e-112)
13,43,(0.045827501697466862, 1.4244783848930483e-302)
13,44,(-0.010346875704370035, 4.8482448942368826e-17)
13,45,(0.085161956628185223, 0.0)
13,46,(0.085217744881346813, 0.0)
13,47,(0.084537190028388678, 0.0)
13,48,(-0.0061184465067575678, 6.9992618707695896e-07)
13,49,(0.54989533744507313, 0.0)
13,50,(0.54989434605994925, 0.0)
13,51,(0.54991180192651934, 0.0)
13,52,(-0.16115333479463523, 0.0)
13,53,(-0.019254378713573148, 5.8020670702808332e-55)
13,54,(-0.01876252574031333, 2.7894152471609952e-52)
13,55,(-0.0075612964121084475, 8.7105661061565728e-10)
13,56,(0.0099786802839319233, 5.8821770279564223e-16)
13,57,(0.02318413550680095, 7.2552795010561864e-79)
13,58,(0.020850326039365936, 3.8626798705172957e-64)
13,59,(0.028530814521486376, 1.8402898722374712e-118)
13,60,(0.032490735473386788, 4.7283496078710272e-153)
13,61,(0.14946925968108865, 0.0)
13,62,(0.14947045338294548, 0.0)
13,63,(0.14944987984876287, 0.0)
13,64,(-0.030172850550610818, 2.9217571841930803e-132)
13,65,(0.025504445273062368, 4.7811607849908357e-95)
13,66,(0.021181579718071546, 3.9015913356696024e-66)
13,67,(0.03025975215647915, 5.1745585805349789e-133)
13,68,(0.037111475160984501, 4.3743006371688128e-199)
14,15,(0.99998376817408685, 0.0)
14,16,(-0.2164958683781962, 0.0)
14,17,(-0.025284697678068072, 1.8960482108095347e-93)
14,18,(-0.026852235560215206, 3.7575617528654009e-105)
14,19,(0.0096705271131651924, 4.4399537664772257e-15)
14,20,(0.014719539391395524, 7.6410903511080589e-33)
14,21,(-0.010473325738441026, 2.0160709902651306e-17)
14,22,(-0.010597711881377774, 8.4187542581958224e-18)
14,23,(0.010114826484122593, 2.3614546937223162e-16)
14,24,(0.010437748182743962, 2.5833344344069446e-17)
14,25,(-0.008208521493895473, 2.8089493043016557e-11)
14,26,(-0.0084942489972495514, 5.6599214471945988e-12)
14,27,(0.0095586144224792426, 9.1110858593592732e-15)
14,28,(0.0098782697123171656, 1.1442356678447133e-15)
14,29,(-0.00077244005089780485, 0.53108030187258504)
14,30,(-0.0011434463507675272, 0.35382255577320465)
14,31,(0.0040672817526081952, 0.00097341839779764745)
14,32,(0.0041613143569628188, 0.00073990438960832888)
14,33,(-0.032617955927628096, 3.0838018534576708e-154)
14,34,(-0.032833783953486059, 2.9315700106280003e-156)
14,35,(-0.013308422033240756, 3.7537656540943495e-27)
14,36,(0.043386057666425094, 2.1803413069672235e-271)
14,37,(0.020742696344921135, 1.6926857967489158e-63)
14,38,(0.020532032958918776, 2.9853644778629606e-62)
14,39,(0.02395606370958879, 4.446186993909431e-84)
14,40,(0.024246532877102097, 4.3902752260929978e-86)
14,41,(-0.022529134645689619, 1.4139715624759853e-74)
14,42,(-0.027718730081534408, 6.3779785407837477e-112)
14,43,(0.045807738947973797, 2.5879617072440188e-302)
14,44,(-0.010387063428317135, 3.6724906628039599e-17)
14,45,(0.085137412095476164, 0.0)
14,46,(0.085193253967542446, 0.0)
14,47,(0.084512376126532229, 0.0)
14,48,(-0.0061482095999864416, 6.1795653447909013e-07)
14,49,(0.54989071391866273, 0.0)
14,50,(0.54988974061051554, 0.0)
14,51,(0.54990685998275857, 0.0)
14,52,(-0.16120172675878036, 0.0)
14,53,(-0.01920969095253475, 1.0235208150903729e-54)
14,54,(-0.018715196528265456, 5.0113310454267426e-52)
14,55,(-0.00758970977779769, 7.5339854498386557e-10)
14,56,(0.0099422659162290341, 7.4931638694850613e-16)
14,57,(0.023180209122257781, 7.7043090898588598e-79)
14,58,(0.020847267141780895, 4.0287602218649636e-64)
14,59,(0.02852477139831543, 2.0618067319437056e-118)
14,60,(0.032458866251323028, 9.3537904667108456e-153)
14,61,(0.14945503549856332, 0.0)
14,62,(0.1494562306557479, 0.0)
14,63,(0.14943563205710977, 0.0)
14,64,(-0.030203041974218529, 1.6021679879376118e-132)
14,65,(0.025499658987377959, 5.1819456103448661e-95)
14,66,(0.021178674218264412, 4.063328940432225e-66)
14,67,(0.030252449947489744, 5.9858598156526705e-133)
14,68,(0.037082326290462563, 8.9219918801706056e-199)
15,16,(-0.21498094298614548, 0.0)
15,17,(-0.026103274886029277, 1.7948483429199412e-99)
15,18,(-0.02774002303169542, 4.3212962398342915e-112)
15,19,(0.010310404875588848, 6.2324387793155399e-17)
15,20,(0.015850037751303041, 8.2400300674694245e-38)
15,21,(-0.011092822339982744, 2.3570400629271816e-19)
15,22,(-0.011228484718789792, 8.6058204168659723e-20)
15,23,(0.010801799267718383, 1.9657237275585869e-18)
15,24,(0.011146502268508123, 1.5843294057715126e-19)
15,25,(-0.008792429628268851, 1.005440267542887e-12)
15,26,(-0.009098554340011708, 1.6067775693948414e-13)
15,27,(0.010239769348854936, 1.0112109201431697e-16)
15,28,(0.010582624192461948, 9.364472367182497e-18)
15,29,(-0.00082513025964373889, 0.50344232387020149)
15,30,(-0.0012267465779065552, 0.31985932767502934)
15,31,(0.0044048932758847578, 0.00035444720479082468)
15,32,(0.0045158321319580729, 0.00025042458446639028)
15,33,(-0.032882753205993528, 1.015024949968668e-156)
15,34,(-0.03310101549350225, 8.8120005221833641e-159)
15,35,(-0.013376529499393407, 2.0546800480939571e-27)
15,36,(0.043781155991568392, 2.5581015196039e-276)
15,37,(0.020843364533534737, 4.2510187654850782e-64)
15,38,(0.020632952057201271, 7.5765667641542021e-63)
15,39,(0.02404821725095356, 1.0335610799629036e-84)
15,40,(0.02428614294896822, 2.328870488394438e-86)
15,41,(-0.023559331326251896, 2.2298121526465176e-81)
15,42,(-0.02882820710626853, 6.6499421695987601e-121)
15,43,(0.0463273661298364, 3.6121564809224528e-309)
15,44,(-0.009328780235669052, 3.8874915525889466e-14)
15,45,(0.085782326892034966, 0.0)
15,46,(0.085836756135406242, 0.0)
15,47,(0.085164393026930546, 0.0)
15,48,(-0.005364467476531444, 1.3614931455727797e-05)
15,49,(0.55000386213229735, 0.0)
15,50,(0.55000241288235274, 0.0)
15,51,(0.55002839170055651, 0.0)
15,52,(-0.15992507534482447, 0.0)
15,53,(-0.020385995519938856, 2.1459940307814671e-61)
15,54,(-0.019961056791131582, 6.1615130299429313e-59)
15,55,(-0.006841482739569504, 2.894525898169467e-08)
15,56,(0.010900881234201522, 9.6070328318262583e-19)
15,57,(0.023283226732812034, 1.5886259895549091e-79)
15,58,(0.020927480720477145, 1.3330966778912454e-64)
15,59,(0.02868343813278117, 1.034568570449524e-119)
15,60,(0.03329745874307493, 1.1969900810454343e-160)
15,61,(0.14982721672538168, 0.0)
15,62,(0.14982837354591244, 0.0)
15,63,(0.14980843520246098, 0.0)
15,64,(-0.029407646519559245, 9.819733435657362e-126)
15,65,(0.025625281110026561, 6.2340442315479943e-96)
15,66,(0.021254843741554799, 1.3984200015747906e-66)
15,67,(0.030444240751006296, 1.2904390391667424e-134)
15,68,(0.037849221203280339, 5.3114164745237922e-207)
16,17,(0.083996886927591816, 0.0)
16,18,(0.073366187222311557, 0.0)
16,19,(0.24822625574998855, 0.0)
16,20,(0.25302093360962352, 0.0)
16,21,(-0.28391854169274611, 0.0)
16,22,(-0.28912223850625862, 0.0)
16,23,(0.31565198804948646, 0.0)
16,24,(0.32516759469064371, 0.0)
16,25,(-0.26765301364068028, 0.0)
16,26,(-0.27706705473559634, 0.0)
16,27,(0.31330677329040985, 0.0)
16,28,(0.32390993973395532, 0.0)
16,29,(-0.027260713219854394, 2.5706720008736061e-108)
16,30,(-0.041058398272386935, 3.0011974486091566e-243)
16,31,(0.15153255913825714, 0.0)
16,32,(0.1609635198670914, 0.0)
16,33,(-0.086978371035698818, 0.0)
16,34,(-0.087322454072849318, 0.0)
16,35,(-0.049036379643959058, 0.0)
16,36,(0.096159838784607335, 0.0)
16,37,(0.015853344253989019, 7.9591772951497139e-38)
16,38,(0.016038129020654036, 1.1330891888277846e-38)
16,39,(0.011761758431768736, 1.4599675056e-21)
16,40,(-0.002538693856500527, 0.039534079545008538)
16,41,(-0.13512228982386765, 0.0)
16,42,(-0.15771124718136109, 0.0)
16,43,(0.18965653440099978, 0.0)
16,44,(0.41696255209525929, 0.0)
16,45,(0.16662734306281013, 0.0)
16,46,(0.16583200116638427, 0.0)
16,47,(0.17123741995912795, 0.0)
16,48,(0.35772269084350217, 0.0)
16,49,(-0.14769023630961037, 0.0)
16,50,(-0.14771057598352572, 0.0)
16,51,(-0.14733168492653489, 0.0)
16,52,(0.70606848082462481, 0.0)
16,53,(-0.10931724190188612, 0.0)
16,54,(-0.13459765382439068, 0.0)
16,55,(0.29814940549523727, 0.0)
16,56,(0.37772277584761965, 0.0)
16,57,(0.035689889629042452, 2.8465198030559336e-184)
16,58,(0.034505962615931092, 2.236770687812922e-172)
16,59,(0.03774242400800483, 7.5988875658252668e-206)
16,60,(0.30642913752494544, 0.0)
16,61,(-0.0021847098967783135, 0.076470301599059431)
16,62,(-0.0021919134866902625, 0.07550488948712622)
16,63,(-0.0020678425643859397, 0.093585909801416123)
16,64,(0.41917195416119046, 0.0)
16,65,(0.059446022368545258, 0.0)
16,66,(0.058894310208291493, 0.0)
16,67,(0.056072530498114531, 0.0)
16,68,(0.29323309498628986, 0.0)
17,18,(0.99925013754100278, 0.0)
17,19,(0.72819603092095408, 0.0)
17,20,(-0.067343512441973521, 0.0)
17,21,(0.028346061822266354, 5.878612269446244e-117)
17,22,(0.028852321913187921, 4.204254957717792e-121)
17,23,(-0.03121398510908167, 2.0746704518500369e-141)
17,24,(-0.032077312234476935, 3.1304973964072667e-149)
17,25,(0.025661388404633723, 3.3851847989873193e-96)
17,26,(0.026595084251574606, 3.4902506897872226e-103)
17,27,(-0.030559765127529798, 1.2645040315425864e-135)
17,28,(-0.03170012346364165, 8.6893246256897925e-146)
17,29,(0.0020608558211419065, 0.094699455933281856)
17,30,(0.0032703376617326972, 0.0080048588815062431)
17,31,(-0.013343805291549667, 2.7457478783158964e-27)
17,32,(-0.013948906516694653, 1.1514871198810915e-29)
17,33,(-0.026368908366911716, 1.8119540845926546e-101)
17,34,(-0.026489939416106504, 2.198261127725793e-102)
17,35,(-0.013887586039922434, 2.0272629348303933e-29)
17,36,(0.032574190051292598, 7.897365727417487e-154)
17,37,(0.00090053542303879111, 0.46525080126933993)
17,38,(0.0012090520900760197, 0.32688927877333929)
17,39,(-0.0049748509682991469, 5.4825581672169365e-05)
17,40,(-0.018835876180466182, 1.1218228499671492e-52)
17,41,(0.18110990598981891, 0.0)
17,42,(0.17751103149957417, 0.0)
17,43,(0.083434049673864849, 0.0)
17,44,(0.0035606451122929517, 0.0038859822785181444)
17,45,(-0.051889703381708882, 0.0)
17,46,(-0.051829011031588532, 0.0)
17,47,(-0.052119585700726577, 0.0)
17,48,(-0.023172008887826639, 8.7334638322486424e-79)
17,49,(-0.055839032313047231, 0.0)
17,50,(-0.055825618155491613, 0.0)
17,51,(-0.056075221136090349, 0.0)
17,52,(0.018389890651757741, 2.7010479387805488e-50)
17,53,(0.6240228083808963, 0.0)
17,54,(0.60310274212557269, 0.0)
17,55,(0.30555560263891063, 0.0)
17,56,(-0.022403437766616768, 9.1132415264026855e-74)
17,57,(-0.022198652478080186, 1.8553453259401797e-72)
17,58,(-0.015332882604364204, 1.7110479309045516e-35)
17,59,(-0.039196457744543479, 7.371341702913929e-222)
17,60,(-0.04840219814392524, 0.0)
17,61,(-0.020164278153818178, 4.1741757496936326e-60)
17,62,(-0.020164289475591412, 4.1735466254767293e-60)
17,63,(-0.020164092605479682, 4.1844997039628957e-60)
17,64,(-0.028547512233531178, 1.3441290448409229e-118)
17,65,(0.020400784826376372, 1.7585447463842827e-61)
17,66,(0.06741687200479117, 0.0)
17,67,(-0.052413164082545462, 0.0)
17,68,(-0.054793511791096275, 0.0)
18,19,(0.70111317057066103, 0.0)
18,20,(-0.092965954453506361, 0.0)
18,21,(0.032594602424532694, 5.0941876012979109e-154)
18,22,(0.033177658717823265, 1.6518697401039182e-159)
18,23,(-0.035913132817829249, 1.4667225943821542e-186)
18,24,(-0.036920712972563163, 4.5955422299676842e-197)
18,25,(0.029703132726269867, 3.1025760892061456e-128)
18,26,(0.030775610670892493, 1.6099898590824167e-137)
18,27,(-0.035234352680863716, 1.1987782645141304e-179)
18,28,(-0.036534568595174004, 5.2753048153583296e-193)
18,29,(0.0025220249806374509, 0.040848181279703973)
18,30,(0.0039422542960107264, 0.0013900210468099112)
18,31,(-0.015650060686035101, 6.62246197565403e-37)
18,32,(-0.016421346339165508, 1.8518285781652375e-40)
18,33,(-0.022691583144288072, 1.252935925225662e-75)
18,34,(-0.022787503579294065, 2.9711320788687369e-76)
18,35,(-0.012432766383527, 6.6432225416534216e-24)
18,36,(0.027609141559260534, 4.7074171498854927e-111)
18,37,(0.00020293835947508026, 0.86929106525462085)
18,38,(0.00049879786322750135, 0.68586992972710492)
18,39,(-0.0054067052473113263, 1.1639588474141851e-05)
18,40,(-0.018487461342050981, 8.2287318320080174e-51)
18,41,(0.17908451375210341, 0.0)
18,42,(0.17654208204137273, 0.0)
18,43,(0.072372607337521572, 0.0)
18,44,(-0.0083342963965308166, 1.396706181134138e-11)
18,45,(-0.058477756217437067, 0.0)
18,46,(-0.058409364681183622, 0.0)
18,47,(-0.058736783253297356, 0.0)
18,48,(-0.027631267950585386, 3.1461980757974275e-111)
18,49,(-0.057294118200386178, 0.0)
18,50,(-0.057279706554596056, 0.0)
18,51,(-0.057547875125170699, 0.0)
18,52,(0.010155385626234085, 1.7951114843104684e-16)
18,53,(0.627957327137868, 0.0)
18,54,(0.60864415566665175, 0.0)
18,55,(0.2863562069147183, 0.0)
18,56,(-0.035809883811108251, 1.6838217928503626e-185)
18,57,(-0.023148334595903389, 1.2539656860529099e-78)
18,58,(-0.016357836795149853, 3.6862504032888511e-40)
18,59,(-0.039926889506619351, 3.9328044134384259e-230)
18,60,(-0.054776952028802152, 0.0)
18,61,(-0.022851292737184968, 1.137172110571352e-76)
18,62,(-0.022851282424550572, 1.1373489331608368e-76)
18,63,(-0.02285145792452976, 1.1343435064788473e-76)
18,64,(-0.032919299135096572, 4.5947792886743978e-157)
18,65,(0.019800383268777283, 5.0781154911365291e-58)
18,66,(0.067091046153468073, 0.0)
18,67,(-0.05338783163179317, 0.0)
18,68,(-0.061578062539271894, 0.0)
19,20,(0.40539976603555999, 0.0)
19,21,(-0.054938560686237328, 0.0)
19,22,(-0.055936000419966915, 0.0)
19,23,(0.060864454608029556, 0.0)
19,24,(0.062800678440017896, 0.0)
19,25,(-0.053197374808140123, 0.0)
19,26,(-0.054986448990316725, 0.0)
19,27,(0.060897429752434264, 0.0)
19,28,(0.062911815231427859, 0.0)
19,29,(-0.0066898445887830687, 5.8040658826417827e-08)
19,30,(-0.0095556187806090081, 9.2870623641794271e-15)
19,31,(0.031283447149523712, 4.960676050230199e-142)
19,32,(0.033792492200913696, 2.1103394820389564e-165)
19,33,(-0.08394439683058233, 0.0)
19,34,(-0.084475409926280623, 0.0)
19,35,(-0.035680444370457268, 3.55469033405539e-184)
19,36,(0.11117479954145404, 0.0)
19,37,(0.01299204201530758, 5.9294778220723057e-26)
19,38,(0.013436653162168884, 1.2039511995013167e-27)
19,39,(0.0040876581068739056, 0.00091767148322731255)
19,40,(-0.019633517100456969, 4.4590190948328391e-57)
19,41,(0.16533122505616474, 0.0)
19,42,(0.14405811879010419, 0.0)
19,43,(0.25544848500171513, 0.0)
19,44,(0.21309902353527008, 0.0)
19,45,(0.079518596207146727, 0.0)
19,46,(0.079425702551252336, 0.0)
19,47,(0.079870141405266215, 0.0)
19,48,(0.062367554875723652, 0.0)
19,49,(-0.014163981650703709, 1.5532246409959456e-30)
19,50,(-0.014172048195312583, 1.4399522929303985e-30)
19,51,(-0.014021863828252447, 5.8560068657324787e-30)
19,52,(0.15890706907597532, 0.0)
19,53,(0.37648276520500962, 0.0)
19,54,(0.33308274584151615, 0.0)
19,55,(0.55829886420406449, 0.0)
19,56,(0.22129199143750716, 0.0)
19,57,(0.00094008983655511432, 0.44587976462102241)
19,58,(0.0071809819978314671, 5.7799312765197578e-09)
19,59,(-0.015092996525556041, 1.915955355087245e-34)
19,60,(0.07823626862453853, 0.0)
19,61,(0.033147189544309973, 3.2153771963340082e-159)
19,62,(0.033146798497507783, 3.2429672713365773e-159)
19,63,(0.033153530601136925, 2.7993397407875192e-159)
19,64,(0.056976133138754811, 0.0)
19,65,(0.02521274548701867, 6.2833635564913562e-93)
19,66,(0.053965321549127879, 0.0)
19,67,(-0.020218679408722923, 2.021195911447776e-60)
19,68,(0.080920825168202426, 0.0)
20,21,(-0.1308897189225543, 0.0)
20,22,(-0.13331972217499419, 0.0)
20,23,(0.14622160854524391, 0.0)
20,24,(0.15043021467511072, 0.0)
20,25,(-0.12489520317635311, 0.0)
20,26,(-0.12924653249655138, 0.0)
20,27,(0.1455025612436136, 0.0)
20,28,(0.15044704223931396, 0.0)
20,29,(-0.014070025000228874, 3.7404410108523712e-30)
20,30,(-0.020567997258092215, 1.8327547780100349e-62)
20,31,(0.071136274321484033, 0.0)
20,32,(0.07615388380760521, 0.0)
20,33,(-0.089778860974797037, 0.0)
20,34,(-0.09022503129363775, 0.0)
20,35,(-0.045287606064109691, 1.5746018658685361e-295)
20,36,(0.11004940383600725, 0.0)
20,37,(0.01336728490759948, 2.2302131423902458e-27)
20,38,(0.013370652400415175, 2.1646142202073998e-27)
20,39,(0.012803755537724714, 2.9706218246465379e-25)
20,40,(0.0071580901964626012, 6.4581354701498352e-09)
20,41,(-0.012146301846678854, 6.8831035028556244e-23)
20,42,(-0.033067147987718384, 1.8443071666333352e-158)
20,43,(0.20532726350687691, 0.0)
20,44,(0.37217888555138606, 0.0)
20,45,(0.20472737851252484, 0.0)
20,46,(0.20449102668500826, 0.0)
20,47,(0.20561433666274248, 0.0)
20,48,(0.13824327544098705, 0.0)
20,49,(0.021851295349416319, 2.8906181310688145e-70)
20,50,(0.02183502718658728, 3.6545539081647191e-70)
20,51,(0.022137819175591055, 4.5174944365928e-72)
20,52,(0.22763859368632058, 0.0)
20,53,(-0.061529863976246796, 0.0)
20,54,(-0.096102207698279429, 0.0)
20,55,(0.41497883937656188, 0.0)
20,56,(0.44196282097108475, 0.0)
20,57,(0.047275978214922569, 6.9663256063615763e-322)
20,58,(0.04630523324789939, 7.1012717528882981e-309)
20,59,(0.048462254426999876, 0.0)
20,60,(0.21111346315784379, 0.0)
20,61,(0.078290191027551623, 0.0)
20,62,(0.078289791806796433, 0.0)
20,63,(0.078296660507579482, 0.0)
20,64,(0.13042675349015792, 0.0)
20,65,(0.044848694916673752, 7.2704486783429792e-290)
20,66,(0.032858919888678471, 1.7011700443265101e-156)
20,67,(0.059871822744427448, 0.0)
20,68,(0.22449135764556966, 0.0)
21,22,(0.99948202066035485, 0.0)
21,23,(-0.68528738949936696, 0.0)
21,24,(-0.72822864256797415, 0.0)
21,25,(0.35007441465360339, 0.0)
21,26,(0.36221330248961581, 0.0)
21,27,(-0.40686998205239872, 0.0)
21,28,(-0.42106136452108672, 0.0)
21,29,(0.03737685645690085, 6.4779261307360719e-202)
21,30,(0.055147856453723255, 0.0)
21,31,(-0.19475088773156024, 0.0)
21,32,(-0.20773823100049488, 0.0)
21,33,(0.1659283114389376, 0.0)
21,34,(0.16680457326177828, 0.0)
21,35,(0.0806762054005392, 0.0)
21,36,(-0.19461267206358193, 0.0)
21,37,(-0.019299997223565454, 3.2459958216637872e-55)
21,38,(-0.018913268724158119, 4.2744006920052814e-53)
21,39,(-0.025901070269801527, 5.7520185697353331e-98)
21,40,(-0.033780728949063282, 2.7423733114677324e-165)
21,41,(0.46588558092063231, 0.0)
21,42,(0.50629982370140492, 0.0)
21,43,(-0.28045328432126748, 0.0)
21,44,(-0.61053422897537535, 0.0)
21,45,(-0.4317588772636477, 0.0)
21,46,(-0.42916384544351399, 0.0)
21,47,(-0.44714884840821184, 0.0)
21,48,(-0.52800647439253257, 0.0)
21,49,(-0.22615128000215248, 0.0)
21,50,(-0.22613075598344035, 0.0)
21,51,(-0.22651239962074968, 0.0)
21,52,(-0.47485228495906218, 0.0)
21,53,(0.49953837229797843, 0.0)
21,54,(0.52868842379047687, 0.0)
21,55,(-0.31303369927788227, 0.0)
21,56,(-0.65418687336786419, 0.0)
21,57,(-0.10327813188250171, 0.0)
21,58,(-0.099936480681214038, 0.0)
21,59,(-0.10900132292996151, 0.0)
21,60,(-0.42795711531872438, 0.0)
21,61,(-0.086633840571758283, 0.0)
21,62,(-0.086630762109564344, 0.0)
21,63,(-0.086683775835747962, 0.0)
21,64,(-0.43407938036969607, 0.0)
21,65,(-0.13004381612320209, 0.0)
21,66,(-0.11735111496202079, 0.0)
21,67,(-0.14009900331369241, 0.0)
21,68,(-0.41153239074747816, 0.0)
22,23,(-0.70836980302192032, 0.0)
22,24,(-0.74978467135234017, 0.0)
22,25,(0.35644070774984316, 0.0)
22,26,(0.36880153887109796, 0.0)
22,27,(-0.4142890849380505, 0.0)
22,28,(-0.42873592972320251, 0.0)
22,29,(0.038001216577878069, 1.1884866613953816e-208)
22,30,(0.056099287029459072, 0.0)
22,31,(-0.19834696151244283, 0.0)
22,32,(-0.21154522693537436, 0.0)
22,33,(0.16900117687413757, 0.0)
22,34,(0.16989403611212334, 0.0)
22,35,(0.082148623924845579, 0.0)
22,36,(-0.19822205880041957, 0.0)
22,37,(-0.019615535029919216, 5.6291751344556148e-57)
22,38,(-0.019222346749309293, 8.7164655382181946e-55)
22,39,(-0.026327125985963089, 3.7447362191160421e-101)
22,40,(-0.034345918180576612, 8.449977955312622e-171)
22,41,(0.46503063944934342, 0.0)
22,42,(0.50613710471305295, 0.0)
22,43,(-0.28757716703501746, 0.0)
22,44,(-0.6280637165093822, 0.0)
22,45,(-0.43726669181579131, 0.0)
22,46,(-0.43466004703354033, 0.0)
22,47,(-0.45271440670709678, 0.0)
22,48,(-0.53843644827218728, 0.0)
22,49,(-0.22383183908827856, 0.0)
22,50,(-0.22381110433661017, 0.0)
22,51,(-0.22419667497836968, 0.0)
22,52,(-0.48705527138685417, 0.0)
22,53,(0.49870383122938561, 0.0)
22,54,(0.52857805036589145, 0.0)
22,55,(-0.32190086881801899, 0.0)
22,56,(-0.67301085522346049, 0.0)
22,57,(-0.10509944890943061, 0.0)
22,58,(-0.10170006021359272, 0.0)
22,59,(-0.11092050954652721, 0.0)
22,60,(-0.4357834406283021, 0.0)
22,61,(-0.088245134973617065, 0.0)
22,62,(-0.088242001386184099, 0.0)
22,63,(-0.088295964410109659, 0.0)
22,64,(-0.44201199903361688, 0.0)
22,65,(-0.1324689589278619, 0.0)
22,66,(-0.11956030977424521, 0.0)
22,67,(-0.14268015821554683, 0.0)
22,68,(-0.41904297666547402, 0.0)
23,24,(0.99538879290385063, 0.0)
23,25,(-0.38807245721501094, 0.0)
23,26,(-0.40155588600524383, 0.0)
23,27,(0.45148427101644567, 0.0)
23,28,(0.46715683340236824, 0.0)
23,29,(-0.040181101321970579, 4.7822615615546963e-233)
23,30,(-0.059969161524827772, 0.0)
23,31,(0.21712126919300767, 0.0)
23,32,(0.2309466740921986, 0.0)
23,33,(-0.18519161497701259, 0.0)
23,34,(-0.18617797223149382, 0.0)
23,35,(-0.089552462301604879, 0.0)
23,36,(0.21732620001404568, 0.0)
23,37,(0.020592804657229662, 1.3083693489419488e-62)
23,38,(0.020177068359641906, 3.5204336946711071e-60)
23,39,(0.027694801555882484, 9.8747100436905388e-112)
23,40,(0.036335547297286004, 6.2816711187894786e-191)
23,41,(-0.3053794141941657, 0.0)
23,42,(-0.34921330739001621, 0.0)
23,43,(0.35668993207936461, 0.0)
23,44,(0.82223523228534079, 0.0)
23,45,(0.42558014722576221, 0.0)
23,46,(0.42350858836987942, 0.0)
23,47,(0.43761382192597625, 0.0)
23,48,(0.60405266328349216, 0.0)
23,49,(0.10514121615788566, 0.0)
23,50,(0.10512214190299833, 0.0)
23,51,(0.10547701798885417, 0.0)
23,52,(0.6071264777412253, 0.0)
23,53,(-0.32929737181231139, 0.0)
23,54,(-0.36600293090981917, 0.0)
23,55,(0.41884886260174592, 0.0)
23,56,(0.88195556108614381, 0.0)
23,57,(0.11320168480164636, 0.0)
23,58,(0.10956594040065826, 0.0)
23,59,(0.11940556206287874, 0.0)
23,60,(0.47539752256558521, 0.0)
23,61,(0.096847709869754092, 0.0)
23,62,(0.096844316685087944, 0.0)
23,63,(0.096902750072941315, 0.0)
23,64,(0.48207018544058983, 0.0)
23,65,(0.1455220160353054, 0.0)
23,66,(0.13178824607834, 0.0)
23,67,(0.15606108247734321, 0.0)
23,68,(0.45680424733717895, 0.0)
24,25,(-0.39962672200791705, 0.0)
24,26,(-0.41351717403709204, 0.0)
24,27,(0.46501991147819999, 0.0)
24,28,(0.48115050571890761, 0.0)
24,29,(-0.041664380068539036, 2.0011902210741987e-250)
24,30,(-0.062034488674736002, 0.0)
24,31,(0.2234520416796395, 0.0)
24,32,(0.23781028592020512, 0.0)
24,33,(-0.19058079357337618, 0.0)
24,34,(-0.19159484416877912, 0.0)
24,35,(-0.092217625529486605, 0.0)
24,36,(0.22353533939276898, 0.0)
24,37,(0.0213406241671408, 4.1875735244872932e-67)
24,38,(0.020909785098830392, 1.7020747885257226e-64)
24,39,(0.028700630878116289, 7.4733934372696045e-120)
24,40,(0.037649393974596129, 7.6677318761348269e-205)
24,41,(-0.32486546721852, 0.0)
24,42,(-0.36961906759985735, 0.0)
24,43,(0.36073906598663164, 0.0)
24,44,(0.82784856268379103, 0.0)
24,45,(0.44199003898205508, 0.0)
24,46,(0.43983278733216125, 0.0)
24,47,(0.4545252209169276, 0.0)
24,48,(0.61664485668877, 0.0)
24,49,(0.12547334312035116, 0.0)
24,50,(0.12545371091604146, 0.0)
24,51,(0.12581893629584176, 0.0)
24,52,(0.61217837534880726, 0.0)
24,53,(-0.35066781080870163, 0.0)
24,54,(-0.38771710199973297, 0.0)
24,55,(0.4212654763738245, 0.0)
24,56,(0.88779565814016304, 0.0)
24,57,(0.11663341282522503, 0.0)
24,58,(0.11289378485470182, 0.0)
24,59,(0.12300911407131793, 0.0)
24,60,(0.48954614222076359, 0.0)
24,61,(0.099710184371527122, 0.0)
24,62,(0.099706685771950299, 0.0)
24,63,(0.099766934503497565, 0.0)
24,64,(0.49645931171996621, 0.0)
24,65,(0.14984431514250809, 0.0)
24,66,(0.13566800429005144, 0.0)
24,67,(0.1607489653199872, 0.0)
24,68,(0.4704153599065512, 0.0)
25,26,(0.9987780359086349, 0.0)
25,27,(-0.56090433311453569, 0.0)
25,28,(-0.62932441459864874, 0.0)
25,29,(0.17213932554555963, 0.0)
25,30,(0.21580170746897123, 0.0)
25,31,(-0.46366170625128394, 0.0)
25,32,(-0.53952212554081558, 0.0)
25,33,(0.15818666333985562, 0.0)
25,34,(0.15901512037588064, 0.0)
25,35,(0.077317306616028716, 0.0)
25,36,(-0.18398590331631906, 0.0)
25,37,(-0.015601683259830171, 1.0921136489270895e-36)
25,38,(-0.015230596961637932, 4.8150277199311592e-35)
25,39,(-0.022044843410813107, 1.7519930010572272e-71)
25,40,(-0.030649151675962275, 2.083211422709472e-136)
25,41,(0.15653548713815246, 0.0)
25,42,(0.17768587470463951, 0.0)
25,43,(-0.16969470129149153, 0.0)
25,44,(-0.35688120160672926, 0.0)
25,45,(-0.32292979190492266, 0.0)
25,46,(-0.32209087066784053, 0.0)
25,47,(-0.32733446629418178, 0.0)
25,48,(-0.3499041754114145, 0.0)
25,49,(-0.068497645973765689, 0.0)
25,50,(-0.068486729506509025, 0.0)
25,51,(-0.068689815017522832, 0.0)
25,52,(-0.35205891531502054, 0.0)
25,53,(0.17286903628128819, 0.0)
25,54,(0.18961842092817904, 0.0)
25,55,(-0.18926672513789927, 0.0)
25,56,(-0.37371000252701975, 0.0)
25,57,(-0.09588664508559902, 0.0)
25,58,(-0.092813976681287241, 0.0)
25,59,(-0.1011237368437119, 0.0)
25,60,(-0.40304492878856979, 0.0)
25,61,(-0.084669599107359814, 0.0)
25,62,(-0.084666656149278513, 0.0)
25,63,(-0.084717336208395291, 0.0)
25,64,(-0.40752411935220001, 0.0)
25,65,(-0.12571599182092727, 0.0)
25,66,(-0.11392482779497348, 0.0)
25,67,(-0.13470924599041989, 0.0)
25,68,(-0.38720536710277226, 0.0)
26,27,(-0.60113361439249013, 0.0)
26,28,(-0.66685975388105501, 0.0)
26,29,(0.17349869079488092, 0.0)
26,30,(0.2178697922453024, 0.0)
26,31,(-0.47145274220908295, 0.0)
26,32,(-0.54776385377423986, 0.0)
26,33,(0.1635779189240143, 0.0)
26,34,(0.16443540187938516, 0.0)
26,35,(0.079906112972807225, 0.0)
26,36,(-0.19033902558684465, 0.0)
26,37,(-0.016110885105257575, 5.2271507063889181e-39)
26,38,(-0.015728526789333227, 2.9325022228769071e-37)
26,39,(-0.022748441587538006, 5.3427180038509443e-76)
26,40,(-0.031615368566212755, 5.094696981989575e-145)
26,41,(0.16198704683045656, 0.0)
26,42,(0.1838791729112623, 0.0)
26,43,(-0.17565585539774844, 0.0)
26,44,(-0.36927301501923904, 0.0)
26,45,(-0.33412720057790568, 0.0)
26,46,(-0.33325824503043294, 0.0)
26,47,(-0.33869069945831504, 0.0)
26,48,(-0.362091691039091, 0.0)
26,49,(-0.070890670137952055, 0.0)
26,50,(-0.070879370420399185, 0.0)
26,51,(-0.071089585785200929, 0.0)
26,52,(-0.3643515745799496, 0.0)
26,53,(0.17891240752070653, 0.0)
26,54,(0.19624322804773706, 0.0)
26,55,(-0.19583341194343196, 0.0)
26,56,(-0.38670462811152101, 0.0)
26,57,(-0.099303502553012096, 0.0)
26,58,(-0.09612220020991627, 0.0)
26,59,(-0.10472501247796386, 0.0)
26,60,(-0.41714537952072211, 0.0)
26,61,(-0.087570681471178052, 0.0)
26,62,(-0.087567639109681517, 0.0)
26,63,(-0.087620030970179924, 0.0)
26,64,(-0.42175918353901731, 0.0)
26,65,(-0.13004599050886587, 0.0)
26,66,(-0.11785489907301039, 0.0)
26,67,(-0.13933959717826161, 0.0)
26,68,(-0.40079796856859368, 0.0)
27,28,(0.99464983871658941, 0.0)
27,29,(-0.12284889837278475, 0.0)
27,30,(-0.16010526378661699, 0.0)
27,31,(0.4000732390600043, 0.0)
27,32,(0.45172634364775022, 0.0)
27,33,(-0.18227778222510296, 0.0)
27,34,(-0.18324565625667685, 0.0)
27,35,(-0.088316926378612368, 0.0)
27,36,(0.21338959724263026, 0.0)
27,37,(0.017600359888754118, 3.2277907319536038e-46)
27,38,(0.017195795598580508, 3.3843884221736849e-44)
27,39,(0.024602695828558181, 1.4143800363917747e-88)
27,40,(0.034004301330841959, 1.8576217245636684e-167)
27,41,(-0.18232802111813926, 0.0)
27,42,(-0.20704961497021138, 0.0)
27,43,(0.19851496867542118, 0.0)
27,44,(0.41506417954685115, 0.0)
27,45,(0.37531751979669437, 0.0)
27,46,(0.37432666998853525, 0.0)
27,47,(0.38053884761689993, 0.0)
27,48,(0.40758560251383763, 0.0)
27,49,(0.079909739017729423, 0.0)
27,50,(0.079896972411041114, 0.0)
27,51,(0.080134477520346276, 0.0)
27,52,(0.41059963648759168, 0.0)
27,53,(-0.20173771335556939, 0.0)
27,54,(-0.22121535262900296, 0.0)
27,55,(0.22003727770680528, 0.0)
27,56,(0.43494607641464406, 0.0)
27,57,(0.11298383873759141, 0.0)
27,58,(0.10937767670759531, 0.0)
27,59,(0.11911784746258408, 0.0)
27,60,(0.47052498226421269, 0.0)
27,61,(0.097822481195089267, 0.0)
27,62,(0.09781910506930154, 0.0)
27,63,(0.09787724455389836, 0.0)
27,64,(0.47538405834182967, 0.0)
27,65,(0.14562242441900142, 0.0)
27,66,(0.13206792332661824, 0.0)
27,67,(0.15588225420573962, 0.0)
27,68,(0.45280898385966245, 0.0)
28,29,(-0.11683572812628072, 0.0)
28,30,(-0.15365480560695713, 0.0)
28,31,(0.39622167324316487, 0.0)
28,32,(0.44479847538402512, 0.0)
28,33,(-0.1887905522214253, 0.0)
28,34,(-0.18979120026121879, 0.0)
28,35,(-0.091578325646599096, 0.0)
28,36,(0.22074172079217882, 0.0)
28,37,(0.018251790183447626, 1.4372219303557e-49)
28,38,(0.017830001746864128, 2.1941046410419534e-47)
28,39,(0.025555907603274277, 2.0101768341935554e-95)
28,40,(0.035362151098091127, 6.1288262086133983e-181)
28,41,(-0.18866266434763618, 0.0)
28,42,(-0.21423464344452953, 0.0)
28,43,(0.20532707928686503, 0.0)
28,44,(0.42944804279337151, 0.0)
28,45,(0.38842003453076551, 0.0)
28,46,(0.38739710298850016, 0.0)
28,47,(0.39380746057137744, 0.0)
28,48,(0.42168488516388675, 0.0)
28,49,(0.082544483096833002, 0.0)
28,50,(0.082531281787335375, 0.0)
28,51,(0.082776874099379241, 0.0)
28,52,(0.42477115669307142, 0.0)
28,53,(-0.20882934049517832, 0.0)
28,54,(-0.22897849008548851, 0.0)
28,55,(0.22761203259678689, 0.0)
28,56,(0.45001660781089936, 0.0)
28,57,(0.11680205067350279, 0.0)
28,58,(0.11307947648669534, 0.0)
28,59,(0.12312936097832085, 0.0)
28,60,(0.48673376862671325, 0.0)
28,61,(0.10130962174077969, 0.0)
28,62,(0.10130612222991162, 0.0)
28,63,(0.10136638650871144, 0.0)
28,64,(0.49172709902324752, 0.0)
28,65,(0.15083747815516516, 0.0)
28,66,(0.13679676309752797, 0.0)
28,67,(0.16146594593755093, 0.0)
28,68,(0.46829220935778987, 0.0)
29,30,(0.99630936615803756, 0.0)
29,31,(0.22655461583098949, 0.0)
29,32,(-0.21936683235473259, 0.0)
29,33,(0.018500121979761568, 7.0494135616154946e-51)
29,34,(0.018588950247929312, 2.3742649268245197e-51)
29,35,(0.0095142291850301344, 1.208958520504363e-14)
29,36,(-0.02148715171186618, 5.2794086046873256e-68)
29,37,(-0.00024670340465531698, 0.84144356097129536)
29,38,(-0.00021691944934320082, 0.86037559821080856)
29,39,(-0.00080143465989070898, 0.51577685317021493)
29,40,(-0.0019573343651942843, 0.11247446824075236)
29,41,(0.015626772018016998, 8.4272292599294973e-37)
29,42,(0.017721381711768736, 7.8599870174330914e-47)
29,43,(-0.016772886774412868, 3.9076494564850692e-42)
29,44,(-0.035882358202668101, 3.0380691722933972e-186)
29,45,(-0.035767438578825535, 4.583012260969528e-185)
29,46,(-0.035682539693675006, 3.3837581054538677e-184)
29,47,(-0.036203585357648831, 1.4730172674812016e-189)
29,48,(-0.036363824237833887, 3.190310754602739e-191)
29,49,(-0.0095878470938456067, 7.5572304393241354e-15)
29,50,(-0.0095868620395513793, 7.6050667467099216e-15)
29,51,(-0.009605181400593573, 6.7623079265640584e-15)
29,52,(-0.034980431938613832, 4.2722013219425152e-177)
29,53,(0.017287236308458766, 1.1935929434444452e-44)
29,54,(0.019193318288007258, 1.2597139035104287e-54)
29,55,(-0.021734980246902385, 1.539926411115525e-69)
29,56,(-0.038475465008388998, 7.6476105293493054e-214)
29,57,(-0.010100186669954955, 2.6064574282883404e-16)
29,58,(-0.0097761485516089028, 2.2361664016608512e-15)
29,59,(-0.010652807687230132, 5.699858415123404e-18)
29,60,(-0.043984595047150021, 7.106238464826246e-279)
29,61,(-0.008776540562679359, 1.1040138231988746e-12)
29,62,(-0.008776221701678839, 1.1060860396604577e-12)
29,63,(-0.0087817127764095761, 1.0709278821937526e-12)
29,64,(-0.043226278958144682, 2.0881092237441854e-269)
29,65,(-0.011883958301898404, 5.5888661670792218e-22)
29,66,(-0.010506528495616287, 1.5984398564893822e-17)
29,67,(-0.013133027068210523, 1.7475221402204031e-26)
29,68,(-0.043104626991414999, 6.657404930763694e-268)
30,31,(0.14211532943309832, 0.0)
30,32,(-0.30206600041482085, 0.0)
30,33,(0.026396132440239709, 1.1283826875998395e-101)
30,34,(0.026526656437870555, 1.1570338625570598e-102)
30,35,(0.013353524006085976, 2.519396927087272e-27)
30,36,(-0.030809555718052058, 8.0830949574348201e-138)
30,37,(-0.0011166264957045411, 0.36522569916020808)
30,38,(-0.0010695759964378538, 0.38577760572763309)
30,39,(-0.0019657731714868122, 0.11093346411114592)
30,40,(-0.0034695654560319058, 0.0049018131593587247)
30,41,(0.02354080871480663, 2.9733199024356329e-81)
30,42,(0.026722083934583692, 3.7437105402893448e-104)
30,43,(-0.025525202895954432, 3.3716458314622015e-95)
30,44,(-0.054147452857944089, 0.0)
30,45,(-0.052097256069375729, 0.0)
30,46,(-0.051967910211305944, 0.0)
30,47,(-0.052769192739587752, 0.0)
30,48,(-0.054170193862814339, 0.0)
30,49,(-0.013127213412893701, 1.8382879825177702e-26)
30,50,(-0.013125663955803342, 1.8632577772835327e-26)
30,51,(-0.013154483240414728, 1.4493698044909037e-26)
30,52,(-0.052924728300899296, 0.0)
30,53,(0.025981809232026056, 1.4453309335516963e-98)
30,54,(0.028749428279131552, 2.9660503433846661e-120)
30,55,(-0.031486525284844386, 7.428271259121159e-144)
30,56,(-0.057593633711550837, 0.0)
30,57,(-0.014990173725379488, 5.334211916628457e-34)
30,58,(-0.01451151603823414, 5.7233541272703474e-32)
30,59,(-0.015804541133739396, 1.3269164202949302e-37)
30,60,(-0.064417958265090225, 0.0)
30,61,(-0.012947348362877344, 8.7105284598741986e-26)
30,62,(-0.012946882832559573, 8.7454325682240891e-26)
30,63,(-0.012954899673139005, 8.1632603817024728e-26)
30,64,(-0.064030342458138004, 0.0)
30,65,(-0.018250741910194795, 1.4555054379709667e-49)
30,66,(-0.016295591952686324, 7.2194259631495857e-40)
30,67,(-0.019925766970773195, 9.806367858366878e-59)
30,68,(-0.062769520391485534, 0.0)
31,32,(0.89790341317450195, 0.0)
31,33,(-0.08618215037846251, 0.0)
31,34,(-0.086638881353439751, 0.0)
31,35,(-0.041808716316291267, 3.7716922411508562e-252)
31,36,(0.10181628354508233, 0.0)
31,37,(0.00982574844240665, 1.6163620524534812e-15)
31,38,(0.0096353195615137624, 5.5715158036735361e-15)
31,39,(0.013064133380127262, 3.179844465452453e-26)
31,40,(0.016798320303547404, 2.9465848604499198e-42)
31,41,(-0.086917338199401617, 0.0)
31,42,(-0.098861272126372274, 0.0)
31,43,(0.096217915892365571, 0.0)
31,44,(0.20063354285098989, 0.0)
31,45,(0.17869452776451447, 0.0)
31,46,(0.1782058518470849, 0.0)
31,47,(0.18128956887201592, 0.0)
31,48,(0.19533932123754888, 0.0)
31,49,(0.038391731739233319, 6.3799262426520911e-213)
31,50,(0.038385509187381255, 7.4679289024923549e-213)
31,51,(0.038501272193806023, 3.9734951791411123e-214)
31,52,(0.19715990112757587, 0.0)
31,53,(-0.095467696601407304, 0.0)
31,54,(-0.1048918390314337, 0.0)
31,55,(0.10664012259431242, 0.0)
31,56,(0.20983477573273818, 0.0)
31,57,(0.053623060748425926, 0.0)
31,58,(0.05192838271684333, 0.0)
31,59,(0.056491128980433229, 0.0)
31,60,(0.22374132547817402, 0.0)
31,61,(0.045706738292809641, 5.4501739138711711e-301)
31,62,(0.045705132872856109, 5.7203575900960743e-301)
31,63,(0.045732779515227182, 2.4857756989237808e-301)
31,64,(0.22808782829450325, 0.0)
31,65,(0.070051346314842125, 0.0)
31,66,(0.06375014022084706, 0.0)
31,67,(0.074654142282881225, 0.0)
31,68,(0.21518374992439768, 0.0)
32,33,(-0.092814935519504607, 0.0)
32,34,(-0.093304512436967815, 0.0)
32,35,(-0.04516135953979597, 6.7938830419529205e-294)
32,36,(0.10958783694839573, 0.0)
32,37,(0.0098108636470923931, 1.7820288883285821e-15)
32,38,(0.0096120766884077984, 6.4695097943741356e-15)
32,39,(0.013208064063444566, 9.0724932294805775e-27)
32,40,(0.017313268591032483, 8.8626526761974435e-45)
32,41,(-0.092205946565150992, 0.0)
32,42,(-0.10486848811247843, 0.0)
32,43,(0.10199132064057292, 0.0)
32,44,(0.21294654918318667, 0.0)
32,45,(0.19113138137275415, 0.0)
32,46,(0.19061418145482756, 0.0)
32,47,(0.1938716508221818, 0.0)
32,48,(0.2079289844911332, 0.0)
32,49,(0.041816167361775673, 3.0714077451984996e-252)
32,50,(0.041809625998359287, 3.6782988886764757e-252)
32,51,(0.04193131745894943, 1.2788376153065821e-253)
32,52,(0.2091097573352475, 0.0)
32,53,(-0.10128276867124837, 0.0)
32,54,(-0.11137959882116939, 0.0)
32,55,(0.11433429430270065, 0.0)
32,56,(0.2230697853705183, 0.0)
32,57,(0.05703945804280304, 0.0)
32,58,(0.055233923163146938, 0.0)
32,59,(0.060097658634844245, 0.0)
32,60,(0.23912784828715822, 0.0)
32,61,(0.048704956619166427, 0.0)
32,62,(0.048703239775239424, 0.0)
32,63,(0.048732805245550223, 0.0)
32,64,(0.2431607027085175, 0.0)
32,65,(0.074032665220057303, 0.0)
32,66,(0.067224121390037611, 0.0)
32,67,(0.079123558304269634, 0.0)
32,68,(0.23032325188123662, 0.0)
33,34,(0.99994711242363543, 0.0)
33,35,(0.79845373121880581, 0.0)
33,36,(-0.70653737870732269, 0.0)
33,37,(0.0031508810466154029, 0.010618815264368746)
33,38,(0.0030730748422304571, 0.012705939655785479)
33,39,(0.0045063272472524157, 0.00025806769556310582)
33,40,(0.0039003726298154785, 0.0015628449222850182)
33,41,(0.061663298442741481, 0.0)
33,42,(0.073553650073183721, 0.0)
33,43,(-0.1023162374430714, 0.0)
33,44,(-0.19721201804841013, 0.0)
33,45,(-0.23079764035122088, 0.0)
33,46,(-0.2304665435265639, 0.0)
33,47,(-0.23221441403619522, 0.0)
33,48,(-0.1446640260615262, 0.0)
33,49,(-0.072355347658978345, 0.0)
33,50,(-0.072351515298841235, 0.0)
33,51,(-0.072422723225093688, 0.0)
33,52,(-0.12372123019185109, 0.0)
33,53,(0.058893572870570995, 0.0)
33,54,(0.070395690790013732, 0.0)
33,55,(-0.13489851511118872, 0.0)
33,56,(-0.19496680429101995, 0.0)
33,57,(-0.098115703838952725, 0.0)
33,58,(-0.095597008280400769, 0.0)
33,59,(-0.10187045616940484, 0.0)
33,60,(-0.31618370554536795, 0.0)
33,61,(-0.11423684768174557, 0.0)
33,62,(-0.11423692569312981, 0.0)
33,63,(-0.11423557147307285, 0.0)
33,64,(-0.13228874050488065, 0.0)
33,65,(-0.12196782687099923, 0.0)
33,66,(-0.11341194821650066, 0.0)
33,67,(-0.1263155363356567, 0.0)
33,68,(-0.32503010086763612, 0.0)
34,35,(0.79221961476542802, 0.0)
34,36,(-0.71024179047769476, 0.0)
34,37,(0.0027384137291482373, 0.026382515582123491)
34,38,(0.0026578294139443714, 0.031146996990099818)
34,39,(0.0041618840805008085, 0.00073866348039418588)
34,40,(0.0038189862575286862, 0.0019564937370880275)
34,41,(0.062060272218758046, 0.0)
34,42,(0.074012364251647922, 0.0)
34,43,(-0.10282734572151146, 0.0)
34,44,(-0.19822222987535662, 0.0)
34,45,(-0.23212400646652137, 0.0)
34,46,(-0.23179115372811199, 0.0)
34,47,(-0.23354797517948894, 0.0)
34,48,(-0.14542645069176993, 0.0)
34,49,(-0.072814343083628261, 0.0)
34,50,(-0.072810470887413228, 0.0)
34,51,(-0.072882419528170511, 0.0)
34,52,(-0.12434213976037381, 0.0)
34,53,(0.059402930389815832, 0.0)
34,54,(0.070951805690182917, 0.0)
34,55,(-0.13542466489125143, 0.0)
34,56,(-0.19605949282705384, 0.0)
34,57,(-0.098635598484093381, 0.0)
34,58,(-0.096102930162339256, 0.0)
34,59,(-0.10241185393024078, 0.0)
34,60,(-0.31780261135581167, 0.0)
34,61,(-0.11481586539771241, 0.0)
34,62,(-0.11481594745019627, 0.0)
34,63,(-0.11481452357473565, 0.0)
34,64,(-0.13301225531693928, 0.0)
34,65,(-0.12256500702997943, 0.0)
34,66,(-0.11395421915812796, 0.0)
34,67,(-0.12695376442478082, 0.0)
34,68,(-0.32671379232171505, 0.0)
35,36,(-0.34509457723172626, 0.0)
35,37,(0.026651814734503444, 1.2892228267675587e-103)
35,38,(0.026752560907173321, 2.1874919412316683e-104)
35,39,(0.023747761948961849, 1.1785589924740974e-82)
35,40,(0.0078665300156225571, 1.7833451595452765e-10)
35,41,(0.025805630509799577, 2.9274744547364763e-97)
35,42,(0.031648445039091491, 2.5561787528524096e-145)
35,43,(-0.051457852559737338, 0.0)
35,44,(-0.097716541589994071, 0.0)
35,45,(-0.1059215293380311, 0.0)
35,46,(-0.10576097969463022, 0.0)
35,47,(-0.10662717600279217, 0.0)
35,48,(-0.07042749395877039, 0.0)
35,49,(-0.030678901896887479, 1.1417243070447689e-136)
35,50,(-0.030678185794108255, 1.1583792334920726e-136)
35,51,(-0.030691460318588205, 8.8559887126027732e-137)
35,52,(-0.062054737452627726, 0.0)
35,53,(0.017023790729699159, 2.3683549745142804e-43)
35,54,(0.023434923049330331, 1.5338424967673794e-80)
35,55,(-0.076491892283354873, 0.0)
35,56,(-0.091102626883829946, 0.0)
35,57,(-0.047602574005418043, 0.0)
35,58,(-0.046417272271244286, 2.3110477270203138e-310)
35,59,(-0.04933015799975949, 0.0)
35,60,(-0.15670879106291005, 0.0)
35,61,(-0.056963599681595409, 0.0)
35,62,(-0.056963425163552198, 0.0)
35,63,(-0.056966425684714946, 0.0)
35,64,(-0.062862486602153836, 0.0)
35,65,(-0.06204926851849317, 0.0)
35,66,(-0.058458656836865269, 0.0)
35,67,(-0.06310431681772935, 0.0)
35,68,(-0.15995230380386902, 0.0)
36,37,(0.011073902629035931, 2.7100601676427993e-19)
36,38,(0.010896033992640039, 9.95096192565076e-19)
36,39,(0.014027796093406611, 5.5418848029003305e-30)
36,40,(0.018202592680336988, 2.5992198733491124e-49)
36,41,(-0.077049957913214728, 0.0)
36,42,(-0.091417573868765978, 0.0)
36,43,(0.12296608683736276, 0.0)
36,44,(0.23321270285018145, 0.0)
36,45,(0.27629300961974973, 0.0)
36,46,(0.27591921482877291, 0.0)
36,47,(0.27784353125072897, 0.0)
36,48,(0.16535746864902029, 0.0)
36,49,(0.092872939894713347, 0.0)
36,50,(0.092867038193263293, 0.0)
36,51,(0.092976729620457985, 0.0)
36,52,(0.14068992885562892, 0.0)
36,53,(-0.080148215731596195, 0.0)
36,54,(-0.093371864332445584, 0.0)
36,55,(0.15406456721098405, 0.0)
36,56,(0.23520642586670035, 0.0)
36,57,(0.1116735692065208, 0.0)
36,58,(0.10876704395110016, 0.0)
36,59,(0.11604921967639388, 0.0)
36,60,(0.36617405713633966, 0.0)
36,61,(0.13138640947518851, 0.0)
36,62,(0.13138691362418875, 0.0)
36,63,(0.13137821825085444, 0.0)
36,64,(0.15759681472573456, 0.0)
36,65,(0.13750023723413113, 0.0)
36,66,(0.12716760775328134, 0.0)
36,67,(0.14344472613856923, 0.0)
36,68,(0.37683272768318349, 0.0)
37,38,(0.99990262023149201, 0.0)
37,39,(0.96445659433550257, 0.0)
37,40,(0.54531302347991695, 0.0)
37,41,(-0.024272245131010776, 2.9094168319709632e-86)
37,42,(-0.025746905561807094, 7.9437027816804254e-97)
37,43,(0.0083233500258249517, 1.4848745223646149e-11)
37,44,(0.026195005334514333, 3.6904000125937835e-100)
37,45,(0.027162501846559911, 1.4973858578254438e-107)
37,46,(0.027137638513607499, 2.3368880361160952e-107)
37,47,(0.027238298496455957, 3.8454777737332205e-108)
37,48,(0.016388482515346307, 2.6451909095565385e-40)
37,49,(0.023181480964740687, 7.555904120840472e-79)
37,50,(0.023179792876334687, 7.7535072801485454e-79)
37,51,(0.023211174520165065, 4.7966512425425523e-79)
37,52,(0.016174364153425543, 2.6538722838092208e-39)
37,53,(-0.010478011669955677, 1.9511799936847452e-17)
37,54,(-0.011722641151052557, 1.981266004303484e-21)
37,55,(0.014259172252051039, 6.3383946295447864e-31)
37,56,(0.02243718490111913, 5.5316207428236719e-74)
37,57,(0.0046452858095932621, 0.00016535426568025098)
37,58,(0.0039123126175307464, 0.0015116601148865445)
37,59,(0.0063971894833036438, 2.1322929361138821e-07)
37,60,(0.020597992074848338, 1.2192710667232319e-62)
37,61,(0.010198445969575061, 1.3401456953882994e-16)
37,62,(0.010198667404481894, 1.3381287077762716e-16)
37,63,(0.010194852584122392, 1.3732989585113807e-16)
37,64,(0.019050378835342895, 7.6611421874476467e-54)
37,65,(0.007389771061956197, 2.0687648384327449e-09)
37,66,(0.0068412125985530762, 2.8981536119133068e-08)
37,67,(0.0076989956427739202, 4.290676689391524e-10)
37,68,(0.021215652491313495, 2.4221203148260062e-66)
38,39,(0.96067511207377221, 0.0)
38,40,(0.53362840489543184, 0.0)
38,41,(-0.023947492507204942, 5.0909696511764355e-84)
38,42,(-0.025402788517502328, 2.6341394668088326e-94)
38,43,(0.0082156342216836986, 2.7008608123472656e-11)
38,44,(0.025982532849278293, 1.4275217790976185e-98)
38,45,(0.026358267631498879, 2.1801454191530074e-101)
38,46,(0.026333692149682734, 3.3412460378312223e-101)
38,47,(0.02643471091610745, 5.7625580436249349e-102)
38,48,(0.016037431229966512, 1.1415089501942016e-38)
38,49,(0.022863915184400008, 9.4005821250388237e-77)
38,50,(0.022862223919672769, 9.6434941369114293e-77)
38,51,(0.022893665267473034, 5.9996386295388336e-77)
38,52,(0.016070216766556424, 8.0586673912809663e-39)
38,53,(-0.010184988636389582, 1.4685190590041179e-16)
38,54,(-0.011440610705235317, 1.738470037064917e-20)
38,55,(0.014416856952744068, 1.4174776770470991e-31)
38,56,(0.022112680163495095, 6.5207449616065291e-72)
38,57,(0.0044142137604561696, 0.00034435290313608125)
38,58,(0.0036918156411538221, 0.0027567390904280503)
38,59,(0.0061453651025192473, 6.2537190490665233e-07)
38,60,(0.019999836566917392, 3.6940144352361752e-59)
38,61,(0.0098734993613775156, 1.180792827982709e-15)
38,62,(0.0098737178198227259, 1.1790938321142747e-15)
38,63,(0.0098699542945571324, 1.2087030303528298e-15)
38,64,(0.018746987275997412, 3.38156415457677e-52)
38,65,(0.0070865699247048448, 9.1139997943446916e-09)
38,66,(0.006572584291378177, 9.840363976110557e-08)
38,67,(0.0073647919556372905, 2.3427966755470344e-09)
38,68,(0.020636867488460976, 7.1830512875239201e-63)
39,40,(0.74617179275077539, 0.0)
39,41,(-0.029513915254750979, 1.246628292063488e-126)
39,42,(-0.03130010460804309, 3.5181789989660812e-142)
39,43,(0.010051745577395858, 3.6097272878788517e-16)
39,44,(0.02923878073965203, 2.5693356661096356e-124)
39,45,(0.041375026720320368, 5.5072309148375354e-247)
39,46,(0.041345642540659866, 1.2271293749131773e-246)
39,47,(0.041435745606442601, 1.0498741030717192e-247)
39,48,(0.022422866356389508, 6.8373316839581141e-74)
39,49,(0.028327849964291486, 8.2611540721365068e-117)
39,50,(0.028326285132091115, 8.5061475182115436e-117)
39,51,(0.028355363015792123, 4.9405009202892236e-117)
39,52,(0.017541664205295748, 6.3818267864353582e-46)
39,53,(-0.015634615489433949, 7.7705438017600776e-37)
39,54,(-0.016624568626837932, 2.0099572702434746e-41)
39,55,(0.010740323953488779, 3.0552584033106832e-18)
39,56,(0.027742769242042487, 4.1095977480242471e-112)
39,57,(0.0088469265676788221, 7.2862504994631683e-13)
39,58,(0.0079411197964923529, 1.1993719171356672e-10)
39,59,(0.010926273687840111, 7.9883689839698279e-19)
39,60,(0.031153876012779198, 7.1379294824764926e-141)
39,61,(0.015969970191129154, 2.3316735303619028e-38)
39,62,(0.015970239706051954, 2.3250434613150141e-38)
39,63,(0.015965596246361971, 2.4419381966505284e-38)
39,64,(0.024082811700876876, 5.9681227765501822e-85)
39,65,(0.012854556689309495, 1.9275987053805382e-25)
39,66,(0.011671875868431724, 2.9402329827990099e-21)
39,67,(0.013739248938259403, 7.8839140508383175e-29)
39,68,(0.031381666116424553, 6.5240604540860487e-143)
40,41,(-0.032449511708020129, 1.1426118010722698e-152)
40,42,(-0.034422022539169574, 1.5057855612666477e-171)
40,43,(0.011137839256191566, 1.6894390621044461e-19)
40,44,(0.027019925979873606, 1.9116887718133851e-106)
40,45,(0.063836454895055614, 0.0)
40,46,(0.063805416699863948, 0.0)
40,47,(0.0638379390012392, 0.0)
40,48,(0.029664179293228767, 6.6492232529678606e-128)
40,49,(0.031897035249697052, 1.4010262766960447e-147)
40,50,(0.031896300445266555, 1.4228398256648044e-147)
40,51,(0.031909920888329078, 1.0684601623930359e-147)
40,52,(0.014917359422450717, 1.0968820942790326e-33)
40,53,(-0.024261739974144748, 3.4421810568907893e-86)
40,54,(-0.024265054920501745, 3.2643212600326097e-86)
40,55,(-0.0019574383000812001, 0.11245538665120813)
40,56,(0.031876163602090578, 2.1725601160432395e-147)
40,57,(0.016779151960869276, 3.64529548681386e-42)
40,58,(0.015760197128675928, 2.1083875785859865e-37)
40,59,(0.018929990199087546, 3.4682569227038103e-53)
40,60,(0.047349968081659401, 6.9169190417774516e-323)
40,61,(0.025555742676820776, 2.0157721211285176e-95)
40,62,(0.025556057197260996, 2.005115118397157e-95)
40,63,(0.02555063769799917, 2.196864265824883e-95)
40,64,(0.028431977985046368, 1.1773270506472041e-117)
40,65,(0.022180715648727173, 2.4126081757937968e-72)
40,66,(0.019769552422282882, 7.5968118147896844e-58)
40,67,(0.024269566163521796, 3.0369110929966206e-86)
40,68,(0.046768294546495622, 4.7861877779055833e-315)
41,42,(0.99543425292832188, 0.0)
41,43,(0.30813287292223968, 0.0)
41,44,(-0.29746757853234657, 0.0)
41,45,(-0.19466729947708405, 0.0)
41,46,(-0.19344782726611706, 0.0)
41,47,(-0.20192504636861117, 0.0)
41,48,(-0.24990427614327598, 0.0)
41,49,(-0.11203033020254048, 0.0)
41,50,(-0.11200323514022521, 0.0)
41,51,(-0.11250740595796073, 0.0)
41,52,(-0.22346748896725591, 0.0)
41,53,(0.43363306574916571, 0.0)
41,54,(0.44270242568027884, 0.0)
41,55,(-0.074485035356019108, 0.0)
41,56,(-0.27771576256820485, 0.0)
41,57,(-0.017889329034115692, 1.0893320862246492e-47)
41,58,(-0.0069530994358158477, 1.7182607283054171e-08)
41,59,(-0.045446215290670847, 1.3697029146885681e-297)
41,60,(-0.18217770925183244, 0.0)
41,61,(-0.042006261138927907, 1.6079798995993341e-254)
41,62,(-0.04200406099863141, 1.708995002926558e-254)
41,63,(-0.042041951124324885, 5.9821594078913858e-255)
41,64,(-0.20139088176907469, 0.0)
41,65,(-0.041537299982447012, 6.5296677060864222e-249)
41,66,(-0.029462910620253462, 3.3601381496496906e-126)
41,67,(-0.056923438454018635, 0.0)
41,68,(-0.17292135319442431, 0.0)
42,43,(0.21592056637251242, 0.0)
42,44,(-0.33985572884637338, 0.0)
42,45,(-0.2215952576163312, 0.0)
42,46,(-0.22026800319489284, 0.0)
42,47,(-0.22946421908750489, 0.0)
42,48,(-0.2795130574730218, 0.0)
42,49,(-0.12286492181653737, 0.0)
42,50,(-0.12283613885536018, 0.0)
42,51,(-0.12337171021381332, 0.0)
42,52,(-0.25524594121394273, 0.0)
42,53,(0.45444909590998289, 0.0)
42,54,(0.46701365623994301, 0.0)
42,55,(-0.11523684042839415, 0.0)
42,56,(-0.32671685147125018, 0.0)
42,57,(-0.025160890058135054, 1.4869051701465871e-92)
42,58,(-0.013921545469124297, 1.4825170951891678e-29)
42,59,(-0.053294727515915734, 0.0)
42,60,(-0.211489120717786, 0.0)
42,61,(-0.0502241150500332, 0.0)
42,62,(-0.050221784413598133, 0.0)
42,63,(-0.050261921371771802, 0.0)
42,64,(-0.22598834396078141, 0.0)
42,65,(-0.050447802922313309, 0.0)
42,66,(-0.03765037392156366, 7.4835026557572347e-205)
42,67,(-0.066300298523924592, 0.0)
42,68,(-0.20140991756034335, 0.0)
43,44,(0.34435812887185402, 0.0)
43,45,(0.21726509099542918, 0.0)
43,46,(0.21651109562539247, 0.0)
43,47,(0.22145096629301048, 0.0)
43,48,(0.22947806326305809, 0.0)
43,49,(0.078565816081894668, 0.0)
43,50,(0.078556108739242278, 0.0)
43,51,(0.078736668122212153, 0.0)
43,52,(0.25804607744550434, 0.0)
43,53,(-0.093589073634715719, 0.0)
43,54,(-0.12604373820640655, 0.0)
43,55,(0.38660981591091881, 0.0)
43,56,(0.41545635771314321, 0.0)
43,57,(0.067777137979460139, 0.0)
43,58,(0.067628144604866436, 0.0)
43,59,(0.066290424515521487, 0.0)
43,60,(0.24430096534083801, 0.0)
43,61,(0.070875060002724588, 0.0)
43,62,(0.070874337167773901, 0.0)
43,63,(0.070886780311355341, 0.0)
43,64,(0.19227134575181146, 0.0)
43,65,(0.077901825513560785, 0.0)
43,66,(0.073866371323863131, 0.0)
43,67,(0.07850918355128976, 0.0)
43,68,(0.23853064478969327, 0.0)
44,45,(0.42331600625102955, 0.0)
44,46,(0.42157822664689071, 0.0)
44,47,(0.43320440928901771, 0.0)
44,48,(0.51314878730502422, 0.0)
44,49,(0.070632789356109504, 0.0)
44,50,(0.070612393556930622, 0.0)
44,51,(0.070991932852142239, 0.0)
44,52,(0.62020710618738373, 0.0)
44,53,(-0.28618212397924586, 0.0)
44,54,(-0.32788401866162953, 0.0)
44,55,(0.48310318747098369, 0.0)
44,56,(0.88755980740257578, 0.0)
44,57,(0.1018146706178214, 0.0)
44,58,(0.0969971498801315, 0.0)
44,59,(0.11136364886251814, 0.0)
44,60,(0.48294743768771631, 0.0)
44,61,(0.11038210794693123, 0.0)
44,62,(0.1103794457110629, 0.0)
44,63,(0.11042528837868673, 0.0)
44,64,(0.4281730262659787, 0.0)
44,65,(0.13739265824463356, 0.0)
44,66,(0.12466910480256183, 0.0)
44,67,(0.14697410892672749, 0.0)
44,68,(0.4657193194210249, 0.0)
45,46,(0.99993527950908889, 0.0)
45,47,(0.99730531892414831, 0.0)
45,48,(0.39750709814427881, 0.0)
45,49,(0.17938352203118257, 0.0)
45,50,(0.17937159076997813, 0.0)
45,51,(0.17959336526107794, 0.0)
45,52,(0.28777286159971033, 0.0)
45,53,(-0.22493138457282713, 0.0)
45,54,(-0.24594714158994255, 0.0)
45,55,(0.23681524931045553, 0.0)
45,56,(0.43508428714631486, 0.0)
45,57,(0.16402122380926984, 0.0)
45,58,(0.14616371466496633, 0.0)
45,59,(0.20530099732740117, 0.0)
45,60,(0.63740974356590752, 0.0)
45,61,(0.26998559180911014, 0.0)
45,62,(0.26998733161829575, 0.0)
45,63,(0.26995734105141306, 0.0)
45,64,(0.35818095215195017, 0.0)
45,65,(0.19105271197150933, 0.0)
45,66,(0.13915099311524812, 0.0)
45,67,(0.25630417255063498, 0.0)
45,68,(0.6403373284131243, 0.0)
46,47,(0.99640612208491086, 0.0)
46,48,(0.39520212467194438, 0.0)
46,49,(0.1789279284680915, 0.0)
46,50,(0.17891605113950346, 0.0)
46,51,(0.17913682250300283, 0.0)
46,52,(0.28639776909101933, 0.0)
46,53,(-0.22362188320569423, 0.0)
46,54,(-0.24455718705338261, 0.0)
46,55,(0.23594558816293565, 0.0)
46,56,(0.43320066886398062, 0.0)
46,57,(0.16477460764257026, 0.0)
46,58,(0.14724817299596971, 0.0)
46,59,(0.20518443991426283, 0.0)
46,60,(0.636716737746161, 0.0)
46,61,(0.27005563764094032, 0.0)
46,62,(0.27005740450939242, 0.0)
46,63,(0.27002694788190618, 0.0)
46,64,(0.35715064963426862, 0.0)
46,65,(0.19214370273776807, 0.0)
46,66,(0.14101179849761486, 0.0)
46,67,(0.25614932851703198, 0.0)
46,68,(0.63969972657970486, 0.0)
47,48,(0.41113327047408688, 0.0)
47,49,(0.18176309314072506, 0.0)
47,50,(0.18175085123470316, 0.0)
47,51,(0.18197840405381166, 0.0)
47,52,(0.29574435266959703, 0.0)
47,53,(-0.23267548645342326, 0.0)
47,54,(-0.25414463034865642, 0.0)
47,55,(0.24168613486487733, 0.0)
47,56,(0.44587648252505818, 0.0)
47,57,(0.15865272127992552, 0.0)
47,58,(0.13871590848444962, 0.0)
47,59,(0.2054136968245823, 0.0)
47,60,(0.63989483976511508, 0.0)
47,61,(0.26869371284086041, 0.0)
47,62,(0.26869527274873034, 0.0)
47,63,(0.26866838082419825, 0.0)
47,64,(0.36371001327912611, 0.0)
47,65,(0.1834230870578672, 0.0)
47,66,(0.12671887112064129, 0.0)
47,67,(0.25650503379181167, 0.0)
47,68,(0.64245605089671542, 0.0)
48,49,(0.068703389354309793, 0.0)
48,50,(0.068682338612603755, 0.0)
48,51,(0.069074073160249189, 0.0)
48,52,(0.4905271287427232, 0.0)
48,53,(-0.27281050873168927, 0.0)
48,54,(-0.29644759210210198, 0.0)
48,55,(0.26472132837397877, 0.0)
48,56,(0.55406757673688778, 0.0)
48,57,(0.087026140824931958, 0.0)
48,58,(0.087018487738469374, 0.0)
48,59,(0.084646140330477931, 0.0)
48,60,(0.3922740526368152, 0.0)
48,61,(0.078894025592646508, 0.0)
48,62,(0.078885462358092004, 0.0)
48,63,(0.079032943541908082, 0.0)
48,64,(0.45741851959577362, 0.0)
48,65,(0.10933333726715984, 0.0)
48,66,(0.10651324989228675, 0.0)
48,67,(0.10586929886810191, 0.0)
48,68,(0.37218104743819819, 0.0)
49,50,(0.99999999446096388, 0.0)
49,51,(0.99999828130282642, 0.0)
49,52,(-0.29570685449965362, 0.0)
49,53,(-0.12803786374785839, 0.0)
49,54,(-0.13104921029523678, 0.0)
49,55,(0.026044447067529258, 4.9353191713346794e-99)
49,56,(0.10604862987307795, 0.0)
49,57,(0.05096872212339864, 0.0)
49,58,(0.047886932684466949, 0.0)
49,59,(0.057467760099922244, 0.0)
49,60,(0.11969737746969464, 0.0)
49,61,(0.15305229544702015, 0.0)
49,62,(0.15305357554438925, 0.0)
49,63,(0.1530315136485407, 0.0)
49,64,(0.029934498905339599, 3.2847496694394667e-130)
49,65,(0.059910975972285951, 0.0)
49,66,(0.051175369662508165, 0.0)
49,67,(0.068927421066949324, 0.0)
49,68,(0.12347161659781913, 0.0)
50,51,(0.99999808062366446, 0.0)
50,52,(-0.29572880117187911, 0.0)
50,53,(-0.12800610070396351, 0.0)
50,54,(-0.13101605625725463, 0.0)
50,55,(0.026030162214055443, 6.3071919184647764e-99)
50,56,(0.10602868195080303, 0.0)
50,57,(0.050967046092728084, 0.0)
50,58,(0.047885624180008191, 0.0)
50,59,(0.057465187621450989, 0.0)
50,60,(0.11968300677055835, 0.0)
50,61,(0.15304642209112018, 0.0)
50,62,(0.15304770284520494, 0.0)
50,63,(0.15302562963898966, 0.0)
50,64,(0.029919089901300319, 4.4517183584880969e-130)
50,65,(0.059908960161446589, 0.0)
50,66,(0.051174195607046918, 0.0)
50,67,(0.068924270293887202, 0.0)
50,68,(0.12345845864989477, 0.0)
51,52,(-0.29531972702082404, 0.0)
51,53,(-0.12859713687483929, 0.0)
51,54,(-0.13163298029875359, 0.0)
51,55,(0.026296027304772724, 6.4232752104919521e-101)
51,56,(0.10639981969761329, 0.0)
51,57,(0.050998152812886499, 0.0)
51,58,(0.04790989500102448, 0.0)
51,59,(0.057512969903827059, 0.0)
51,60,(0.11995029977861535, 0.0)
51,61,(0.15315547656441167, 0.0)
51,62,(0.15315674509141919, 0.0)
51,63,(0.15313488246762705, 0.0)
51,64,(0.030205873977379213, 1.5143228213054003e-132)
51,65,(0.059946375644285045, 0.0)
51,66,(0.051195957688734361, 0.0)
51,67,(0.068982796710070363, 0.0)
51,68,(0.12370316945210547, 0.0)
52,53,(-0.21485973612410303, 0.0)
52,54,(-0.24561711940480521, 0.0)
52,55,(0.35600284008398048, 0.0)
52,56,(0.60986983489282431, 0.0)
52,57,(0.068695135705651264, 0.0)
52,58,(0.066363708905760377, 0.0)
52,59,(0.072780798318165335, 0.0)
52,60,(0.40508502142675634, 0.0)
52,61,(0.02357904180641909, 1.641242659691297e-81)
52,62,(0.023573258181581316, 1.7957188786969381e-81)
52,63,(0.023672870007429375, 3.8025605560505368e-82)
52,64,(0.50540597647773522, 0.0)
52,65,(0.098248338644666533, 0.0)
52,66,(0.091109834739764806, 0.0)
52,67,(0.10212473657065173, 0.0)
52,68,(0.38558116010418336, 0.0)
53,54,(0.99665845172766687, 0.0)
53,55,(0.12293906310538685, 0.0)
53,56,(-0.31917903846843615, 0.0)
53,57,(-0.044876055862956905, 3.2364543038446534e-290)
53,58,(-0.038881013826569874, 2.4715785463049142e-218)
53,59,(-0.059015246049447807, 0.0)
53,60,(-0.20937037055112126, 0.0)
53,61,(-0.046583920542894036, 1.3949943189382553e-312)
53,62,(-0.046581767945671662, 1.4903531447547605e-312)
53,63,(-0.046618838790748129, 4.770448683414559e-313)
53,64,(-0.22015391898008102, 0.0)
53,65,(-0.025707494215049208, 1.5503167398027686e-96)
53,66,(0.0077303680591924544, 3.6452061834572374e-10)
53,67,(-0.074643992039386098, 0.0)
53,68,(-0.19942647667557237, 0.0)
54,55,(0.041465990394148569, 4.5941363861634841e-248)
54,56,(-0.36266083470115912, 0.0)
54,57,(-0.049957510596316139, 0.0)
54,58,(-0.044078455520011758, 4.6585211600045844e-280)
54,59,(-0.063659093343623144, 0.0)
54,60,(-0.23183040853096359, 0.0)
54,61,(-0.052962818165037312, 0.0)
54,62,(-0.052960556876527197, 0.0)
54,63,(-0.0529994991697227, 0.0)
54,64,(-0.2393864882780469, 0.0)
54,65,(-0.03229705520358573, 2.9567272179628513e-151)
54,66,(0.0010255755349912327, 0.40562296988015756)
54,67,(-0.080591851381331306, 0.0)
54,68,(-0.22221356365034972, 0.0)
55,56,(0.50201157103321137, 0.0)
55,57,(0.058043288341614548, 0.0)
55,58,(0.059946132863171193, 0.0)
55,59,(0.051562246547839738, 0.0)
55,60,(0.2556441924051131, 0.0)
55,61,(0.073666264879017909, 0.0)
55,62,(0.073665121552485183, 0.0)
55,63,(0.073684806755810642, 0.0)
55,64,(0.2155433474294807, 0.0)
55,65,(0.077944738390809926, 0.0)
55,66,(0.082098049217451341, 0.0)
55,67,(0.066118789964407509, 0.0)
55,68,(0.26043653600917638, 0.0)
56,57,(0.10609584878231706, 0.0)
56,58,(0.1027591723396246, 0.0)
56,59,(0.11172858536514477, 0.0)
56,60,(0.47931333670786003, 0.0)
56,61,(0.10700018586291966, 0.0)
56,62,(0.1069973043533506, 0.0)
56,63,(0.10704692398572813, 0.0)
56,64,(0.45541668479683473, 0.0)
56,65,(0.1322490023289758, 0.0)
56,66,(0.11828835943004985, 0.0)
56,67,(0.14407267336935309, 0.0)
56,68,(0.46824920354722216, 0.0)
57,58,(0.99700274003249412, 0.0)
57,59,(0.98011395784201472, 0.0)
57,60,(-0.0480485974816822, 0.0)
57,61,(0.061658111324009258, 0.0)
57,62,(0.061659068349986274, 0.0)
57,63,(0.061642579336222511, 0.0)
57,64,(0.090264823696867225, 0.0)
57,65,(0.10279602954946776, 0.0)
57,66,(0.11373251659839496, 0.0)
57,67,(0.078913061918275712, 0.0)
57,68,(0.23561929554595701, 0.0)
58,59,(0.96182409487095588, 0.0)
58,60,(-0.060391855164493427, 0.0)
58,61,(0.056754094917763551, 0.0)
58,62,(0.056755277154650202, 0.0)
58,63,(0.056734909685311655, 0.0)
58,64,(0.081558688335376606, 0.0)
58,65,(0.11208384729529494, 0.0)
58,66,(0.13182778192202479, 0.0)
58,67,(0.074173553689106178, 0.0)
58,68,(0.21940214497458313, 0.0)
59,60,(-0.015064696973405508, 2.5414045186359291e-34)
59,61,(0.072536204496720644, 0.0)
59,62,(0.07253655749411711, 0.0)
59,63,(0.072530470931683272, 0.0)
59,64,(0.11010611911548171, 0.0)
59,65,(0.07613939071360136, 0.0)
59,66,(0.064184237078208931, 0.0)
59,67,(0.088893428443627978, 0.0)
59,68,(0.27071751821286677, 0.0)
60,61,(0.23656421253875151, 0.0)
60,62,(0.23656173641550901, 0.0)
60,63,(0.23660436187820402, 0.0)
60,64,(0.44579229559840045, 0.0)
60,65,(0.27861547711800422, 0.0)
60,66,(0.22758019930076581, 0.0)
60,67,(0.33634903452909309, 0.0)
60,68,(0.85130300622124178, 0.0)
61,62,(0.99999999966810194, 0.0)
61,63,(0.99999991264431398, 0.0)
61,64,(-0.3619122771779455, 0.0)
61,65,(0.21839866963692672, 0.0)
61,66,(0.19506739225958966, 0.0)
61,67,(0.23834406927449178, 0.0)
61,68,(0.20118031368827921, 0.0)
62,63,(0.99999990154335672, 0.0)
62,64,(-0.36191814595258265, 0.0)
62,65,(0.21839963267474449, 0.0)
62,66,(0.19506878483300674, 0.0)
62,67,(0.23834431207326914, 0.0)
62,68,(0.20117857762878846, 0.0)
63,64,(-0.36181703180229285, 0.0)
63,65,(0.21838302558014605, 0.0)
63,66,(0.19504478181431723, 0.0)
63,67,(0.23834010813493264, 0.0)
63,68,(0.20120845991693143, 0.0)
64,65,(-0.011047392486081973, 3.2941084367289791e-19)
64,66,(-0.026037303393098721, 5.5794608121542489e-99)
64,67,(0.012489345273020914, 4.1598933319669744e-24)
64,68,(0.45666984195556981, 0.0)
65,66,(0.98160585494297836, 0.0)
65,67,(0.9570847826801534, 0.0)
65,68,(0.032463331405700797, 8.5014697443837536e-153)
66,67,(0.88415024933648589, 0.0)
66,68,(-0.0014857168287561646, 0.22830307487378082)
67,68,(0.081697229535254504, 0.0)
